 * Serving Flask app 'resource_manager' (lazy loading)
 * Environment: production
   WARNING: This is a development server. Do not use it in a production deployment.
   Use a production WSGI server instead.
 * Debug mode: on
INFO       2021-08-13 15:23:12,869 -10s acquire_nodes  159 : chameleon --> osg: 1
INFO       2021-08-13 15:23:12,904 -10s acquire_nodes  159 : chameleon --> osg: 1
INFO       2021-08-13 15:23:12,912 -10s acquire_nodes  159 : chameleon --> osg: 1
INFO       2021-08-13 15:23:13,050 -10s acquire_nodes  159 : chameleon --> osg: 1
INFO       2021-08-13 15:23:13,055 -10s acquire_nodes  159 : chameleon --> osg: 1
INFO       2021-08-13 15:23:13,067 -10s acquire_nodes  159 : chameleon --> osg: 1
INFO       2021-08-13 15:23:13,073 -10s acquire_nodes  159 : chameleon --> osg: 1
INFO       2021-08-13 15:23:13,074 -10s acquire_nodes  159 : chameleon --> osg: 1
INFO       2021-08-13 15:23:13,293 -10s acquire_nodes  159 : chameleon --> osg: 1
INFO       2021-08-13 15:23:13,293 -10s acquire_nodes  159 : chameleon --> osg: 1
INFO       2021-08-13 15:23:13,297 -10s acquire_nodes  159 : chameleon --> osg: 1
INFO       2021-08-13 15:23:13,300 -10s acquire_nodes  159 : chameleon --> osg: 1
INFO       2021-08-13 15:23:13,312 -10s acquire_nodes  159 : chameleon --> osg: 1
INFO       2021-08-13 15:23:13,317 -10s acquire_nodes  159 : chameleon --> osg: 1
INFO       2021-08-13 15:23:13,322 -10s acquire_nodes  159 : chameleon --> osg: 1
INFO       2021-08-13 15:23:13,342 -10s acquire_nodes  159 : chameleon --> osg: 1
INFO       2021-08-13 15:23:13,525 -10s acquire_nodes  159 : chameleon --> osg: 1
INFO       2021-08-13 15:23:13,535 -10s acquire_nodes  159 : chameleon --> osg: 1
INFO       2021-08-13 15:23:13,547 -10s acquire_nodes  159 : chameleon --> osg: 1
INFO       2021-08-13 15:23:13,554 -10s acquire_nodes  159 : chameleon --> osg: 1
INFO       2021-08-13 15:23:13,859 -10s acquire_nodes  159 : chameleon --> osg: 1
INFO       2021-08-13 15:23:13,868 -10s acquire_nodes  159 : chameleon --> osg: 1
INFO       2021-08-13 15:23:13,906 -10s acquire_nodes  159 : chameleon --> osg: 1
INFO       2021-08-13 15:23:13,936 -10s acquire_nodes  159 : chameleon --> osg: 1
INFO       2021-08-13 15:23:13,944 -10s acquire_nodes  159 : chameleon --> osg: 1
INFO       2021-08-13 15:23:13,945 -10s acquire_nodes  159 : chameleon --> osg: 1
INFO       2021-08-13 15:23:13,952 -10s acquire_nodes  159 : chameleon --> osg: 1
INFO       2021-08-13 15:23:14,039 -10s acquire_nodes  159 : chameleon --> osg: 1
INFO       2021-08-13 15:23:14,044 -10s acquire_nodes  159 : chameleon --> osg: 1
INFO       2021-08-13 15:23:14,055 -10s acquire_nodes  159 : chameleon --> osg: 1
INFO       2021-08-13 15:23:14,080 -10s acquire_nodes  159 : chameleon --> osg: 1
INFO       2021-08-13 15:23:14,086 -10s acquire_nodes  159 : chameleon --> osg: 1
INFO       2021-08-13 15:23:14,093 -10s acquire_nodes  159 : chameleon --> osg: 1
INFO       2021-08-13 15:23:14,097 -10s acquire_nodes  159 : chameleon --> osg: 1
INFO       2021-08-13 15:23:14,172 -10s acquire_nodes  159 : chameleon --> osg: 1
INFO       2021-08-13 15:23:14,192 -10s acquire_nodes  159 : chameleon --> osg: 1
INFO       2021-08-13 15:23:14,207 -10s acquire_nodes  159 : chameleon --> osg: 1
INFO       2021-08-13 15:23:14,216 -10s acquire_nodes  159 : chameleon --> osg: 1
INFO       2021-08-13 15:23:14,241 -10s acquire_nodes  159 : chameleon --> osg: 1
INFO       2021-08-13 15:23:14,245 -10s acquire_nodes  159 : chameleon --> osg: 1
INFO       2021-08-13 15:23:14,293 -10s acquire_nodes  159 : chameleon --> osg: 1
INFO       2021-08-13 15:23:14,370 -10s acquire_nodes  159 : chameleon --> osg: 1
INFO       2021-08-13 15:23:14,384 -10s acquire_nodes  159 : chameleon --> osg: 1
INFO       2021-08-13 15:23:14,403 -10s acquire_nodes  159 : chameleon --> osg: 1
INFO       2021-08-13 15:23:14,406 -10s acquire_nodes  159 : chameleon --> osg: 1
INFO       2021-08-13 15:23:14,408 -10s acquire_nodes  159 : chameleon --> osg: 1
INFO       2021-08-13 15:23:14,416 -10s acquire_nodes  159 : chameleon --> osg: 1
INFO       2021-08-13 15:23:14,433 -10s acquire_nodes  159 : chameleon --> osg: 1
INFO       2021-08-13 15:23:14,453 -10s acquire_nodes  159 : chameleon --> osg: 1
INFO       2021-08-13 15:23:14,607 -10s acquire_nodes  159 : chameleon --> osg: 1
INFO       2021-08-13 15:23:14,650 -10s acquire_nodes  159 : chameleon --> osg: 1
INFO       2021-08-13 15:23:14,656 -10s acquire_nodes  159 : chameleon --> osg: 1
INFO       2021-08-13 15:23:14,657 -10s acquire_nodes  159 : chameleon --> osg: 1
INFO       2021-08-13 15:23:14,681 -10s acquire_nodes  159 : chameleon --> osg: 1
INFO       2021-08-13 15:23:14,694 -10s acquire_nodes  159 : chameleon --> osg: 1
INFO       2021-08-13 15:23:14,697 -10s acquire_nodes  159 : chameleon --> osg: 1
INFO       2021-08-13 15:23:14,735 -10s acquire_nodes  159 : chameleon --> osg: 1
INFO       2021-08-13 15:23:14,743 -10s acquire_nodes  159 : chameleon --> osg: 1
INFO       2021-08-13 15:23:14,837 -10s acquire_nodes  159 : chameleon --> osg: 1
INFO       2021-08-13 15:23:14,852 -10s acquire_nodes  159 : chameleon --> osg: 1
INFO       2021-08-13 15:23:14,853 -10s acquire_nodes  159 : chameleon --> osg: 1
INFO       2021-08-13 15:23:14,860 -10s acquire_nodes  159 : chameleon --> osg: 1
INFO       2021-08-13 15:23:14,866 -10s acquire_nodes  159 : chameleon --> osg: 1
INFO       2021-08-13 15:23:14,866 -10s acquire_nodes  159 : chameleon --> osg: 1
INFO       2021-08-13 15:23:14,982 -10s acquire_nodes  159 : chameleon --> osg: 1
INFO       2021-08-13 15:23:14,988 -10s acquire_nodes  159 : chameleon --> osg: 1
INFO       2021-08-13 15:23:14,998 -10s acquire_nodes  159 : chameleon --> osg: 1
INFO       2021-08-13 15:23:15,018 -10s acquire_nodes  159 : chameleon --> osg: 1
INFO       2021-08-13 15:23:15,028 -10s acquire_nodes  159 : chameleon --> osg: 1
INFO       2021-08-13 15:23:15,029 -10s acquire_nodes  159 : chameleon --> osg: 1
INFO       2021-08-13 15:23:15,035 -10s acquire_nodes  159 : chameleon --> osg: 1
INFO       2021-08-13 15:23:15,146 -10s acquire_nodes  159 : chameleon --> osg: 1
INFO       2021-08-13 15:23:15,171 -10s acquire_nodes  159 : chameleon --> osg: 1
INFO       2021-08-13 15:23:15,225 -10s acquire_nodes  159 : chameleon --> osg: 1
INFO       2021-08-13 15:23:15,231 -10s acquire_nodes  159 : chameleon --> osg: 1
INFO       2021-08-13 15:23:15,234 -10s acquire_nodes  159 : chameleon --> osg: 1
INFO       2021-08-13 15:23:15,247 -10s acquire_nodes  159 : chameleon --> osg: 1
INFO       2021-08-13 15:23:15,250 -10s acquire_nodes  159 : chameleon --> osg: 1
INFO       2021-08-13 15:23:15,576 -10s acquire_nodes  159 : chameleon --> osg: 1
INFO       2021-08-13 15:23:15,590 -10s acquire_nodes  159 : chameleon --> osg: 1
INFO       2021-08-13 15:23:15,622 -10s acquire_nodes  159 : chameleon --> osg: 1
INFO       2021-08-13 15:23:15,835 -10s acquire_nodes  159 : chameleon --> osg: 1
INFO       2021-08-13 15:23:15,847 -10s acquire_nodes  159 : chameleon --> osg: 1
INFO       2021-08-13 15:23:15,909 -10s acquire_nodes  159 : chameleon --> osg: 1
INFO       2021-08-13 15:23:15,922 -10s acquire_nodes  159 : chameleon --> osg: 1
INFO       2021-08-13 15:23:15,935 -10s acquire_nodes  159 : chameleon --> osg: 1
INFO       2021-08-13 15:23:15,991 -10s acquire_nodes  159 : chameleon --> osg: 1
INFO       2021-08-13 15:23:16,026 -10s acquire_nodes  159 : chameleon --> osg: 1
INFO       2021-08-13 15:23:16,042 -10s acquire_nodes  159 : chameleon --> osg: 1
INFO       2021-08-13 15:23:16,055 -10s acquire_nodes  159 : chameleon --> osg: 1
INFO       2021-08-13 15:23:16,068 -10s acquire_nodes  159 : chameleon --> osg: 1
INFO       2021-08-13 15:23:16,069 -10s acquire_nodes  159 : chameleon --> osg: 1
INFO       2021-08-13 15:23:16,080 -10s acquire_nodes  159 : chameleon --> osg: 1
INFO       2021-08-13 15:23:16,105 -10s acquire_nodes  159 : chameleon --> osg: 1
INFO       2021-08-13 15:23:16,164 -10s acquire_nodes  159 : chameleon --> osg: 1
INFO       2021-08-13 15:23:17,213 -10s acquire_nodes  159 : chameleon --> osg: 1
INFO       2021-08-13 15:23:17,216 -10s acquire_nodes  159 : chameleon --> osg: 1
INFO       2021-08-13 15:23:17,223 -10s acquire_nodes  159 : chameleon --> osg: 1
INFO       2021-08-13 15:23:17,229 -10s acquire_nodes  159 : chameleon --> osg: 1
INFO       2021-08-13 15:23:17,230 -10s acquire_nodes  159 : chameleon --> osg: 1
INFO       2021-08-13 15:23:17,259 -10s acquire_nodes  159 : chameleon --> osg: 1
INFO       2021-08-13 15:23:17,261 -10s acquire_nodes  159 : chameleon --> osg: 1
INFO       2021-08-13 15:23:17,261 -10s acquire_nodes  159 : chameleon --> osg: 1
INFO       2021-08-13 15:23:17,264 -10s acquire_nodes  159 : chameleon --> osg: 1
INFO       2021-08-13 15:23:17,269 -10s acquire_nodes  159 : chameleon --> osg: 1
INFO       2021-08-13 15:23:17,272 -10s acquire_nodes  159 : chameleon --> osg: 1
INFO       2021-08-13 15:23:18,507 -10s acquire_nodes  159 : chameleon --> osg: 1
INFO       2021-08-13 15:23:18,534 -10s acquire_nodes  159 : chameleon --> osg: 1
INFO       2021-08-13 15:23:18,537 -10s acquire_nodes  159 : chameleon --> osg: 1
INFO       2021-08-13 15:23:18,554 -10s acquire_nodes  159 : chameleon --> osg: 1
INFO       2021-08-13 15:23:18,555 -10s acquire_nodes  159 : chameleon --> osg: 1
INFO       2021-08-13 15:23:18,742 -10s acquire_nodes  159 : chameleon --> osg: 1
INFO       2021-08-13 15:23:18,756 -10s acquire_nodes  159 : chameleon --> osg: 1
INFO       2021-08-13 15:23:18,757 -10s acquire_nodes  159 : chameleon --> osg: 1
INFO       2021-08-13 15:23:18,759 -10s acquire_nodes  159 : chameleon --> osg: 1
INFO       2021-08-13 15:23:18,765 -10s acquire_nodes  159 : chameleon --> osg: 1
INFO       2021-08-13 15:23:18,770 -10s acquire_nodes  159 : chameleon --> osg: 1
INFO       2021-08-13 15:23:19,631 -10s acquire_nodes  159 : chameleon --> osg: 1
INFO       2021-08-13 15:23:19,658 -10s acquire_nodes  159 : chameleon --> osg: 1
INFO       2021-08-13 15:23:19,688 -10s acquire_nodes  159 : chameleon --> osg: 1
INFO       2021-08-13 15:23:19,723 -10s acquire_nodes  159 : chameleon --> osg: 1
INFO       2021-08-13 15:23:19,746 -10s acquire_nodes  159 : chameleon --> osg: 1
INFO       2021-08-13 15:23:20,734 -10s acquire_nodes  159 : chameleon --> osg: 1
INFO       2021-08-13 15:23:20,735 -10s acquire_nodes  159 : chameleon --> osg: 1
INFO       2021-08-13 15:23:20,758 -10s acquire_nodes  159 : chameleon --> osg: 1
INFO       2021-08-13 15:23:20,759 -10s acquire_nodes  159 : chameleon --> osg: 1
INFO       2021-08-13 15:23:20,763 -10s acquire_nodes  159 : chameleon --> osg: 1
INFO       2021-08-13 15:23:20,782 -10s acquire_nodes  159 : chameleon --> osg: 1
INFO       2021-08-13 15:23:20,805 -10s acquire_nodes  159 : chameleon --> osg: 1
INFO       2021-08-13 15:23:20,820 -10s acquire_nodes  159 : chameleon --> osg: 1
INFO       2021-08-13 15:23:20,823 -10s acquire_nodes  159 : chameleon --> osg: 1
INFO       2021-08-13 15:23:21,027 -10s acquire_nodes  159 : chameleon --> osg: 1
INFO       2021-08-13 15:23:21,057 -10s acquire_nodes  159 : chameleon --> osg: 1
INFO       2021-08-13 15:23:21,067 -10s acquire_nodes  159 : chameleon --> osg: 1
INFO       2021-08-13 15:23:21,297 -10s acquire_nodes  159 : chameleon --> osg: 1
INFO       2021-08-13 15:23:21,300 -10s acquire_nodes  159 : chameleon --> osg: 1
INFO       2021-08-13 15:23:21,317 -10s acquire_nodes  159 : chameleon --> osg: 1
INFO       2021-08-13 15:23:21,324 -10s acquire_nodes  159 : chameleon --> osg: 1
INFO       2021-08-13 15:23:21,328 -10s acquire_nodes  159 : chameleon --> osg: 1
INFO       2021-08-13 15:23:21,332 -10s acquire_nodes  159 : chameleon --> osg: 1
INFO       2021-08-13 15:23:21,335 -10s acquire_nodes  159 : chameleon --> osg: 1
INFO       2021-08-13 15:23:21,340 -10s acquire_nodes  159 : chameleon --> osg: 1
INFO       2021-08-13 15:23:21,386 -10s acquire_nodes  159 : chameleon --> osg: 1
INFO       2021-08-13 15:23:22,082 -10s acquire_nodes  159 : chameleon --> osg: 1
INFO       2021-08-13 15:23:22,123 -10s acquire_nodes  159 : chameleon --> osg: 1
INFO       2021-08-13 15:23:22,130 -10s acquire_nodes  159 : chameleon --> osg: 1
INFO       2021-08-13 15:23:22,132 -10s acquire_nodes  159 : chameleon --> osg: 1
INFO       2021-08-13 15:23:23,244 -10s acquire_nodes  159 : chameleon --> osg: 1
INFO       2021-08-13 15:23:23,280 -10s acquire_nodes  159 : chameleon --> osg: 1
INFO       2021-08-13 15:23:23,283 -10s acquire_nodes  159 : chameleon --> osg: 1
INFO       2021-08-13 15:23:23,298 -10s acquire_nodes  159 : chameleon --> osg: 1
INFO       2021-08-13 15:23:23,303 -10s acquire_nodes  159 : chameleon --> osg: 1
INFO       2021-08-13 15:23:24,078 -10s acquire_nodes  159 : chameleon --> osg: 1
INFO       2021-08-13 15:23:24,084 -10s acquire_nodes  159 : chameleon --> osg: 1
INFO       2021-08-13 15:23:24,098 -10s acquire_nodes  159 : chameleon --> osg: 1
INFO       2021-08-13 15:23:24,119 -10s acquire_nodes  159 : chameleon --> osg: 1
INFO       2021-08-13 15:23:24,123 -10s acquire_nodes  159 : chameleon --> osg: 1
INFO       2021-08-13 15:23:24,136 -10s acquire_nodes  159 : chameleon --> osg: 1
INFO       2021-08-13 15:23:24,234 -10s acquire_nodes  159 : chameleon --> osg: 1
INFO       2021-08-13 15:23:24,250 -10s acquire_nodes  159 : chameleon --> osg: 1
INFO       2021-08-13 15:23:24,256 -10s acquire_nodes  159 : chameleon --> osg: 1
INFO       2021-08-13 15:23:24,260 -10s acquire_nodes  159 : chameleon --> osg: 1
INFO       2021-08-13 15:23:24,838 -10s acquire_nodes  159 : chameleon --> osg: 1
INFO       2021-08-13 15:23:24,851 -10s acquire_nodes  159 : chameleon --> osg: 1
INFO       2021-08-13 15:23:24,897 -10s acquire_nodes  159 : chameleon --> osg: 1
INFO       2021-08-13 15:23:24,967 -10s acquire_nodes  159 : chameleon --> osg: 1
INFO       2021-08-13 15:23:25,233 -10s acquire_nodes  159 : chameleon --> osg: 1
INFO       2021-08-13 15:23:25,247 -10s acquire_nodes  159 : chameleon --> osg: 1
INFO       2021-08-13 15:23:25,259 -10s acquire_nodes  159 : chameleon --> osg: 1
INFO       2021-08-13 15:23:25,278 -10s acquire_nodes  159 : chameleon --> osg: 1
INFO       2021-08-13 15:23:25,294 -10s acquire_nodes  159 : chameleon --> osg: 1
INFO       2021-08-13 15:23:26,524 -10s acquire_nodes  159 : chameleon --> osg: 1
INFO       2021-08-13 15:23:26,565 -10s acquire_nodes  159 : chameleon --> osg: 1
INFO       2021-08-13 15:23:26,573 -10s acquire_nodes  159 : chameleon --> osg: 1
INFO       2021-08-13 15:23:26,597 -10s acquire_nodes  159 : chameleon --> osg: 1
INFO       2021-08-13 15:23:26,687 -10s acquire_nodes  159 : chameleon --> osg: 1
INFO       2021-08-13 15:23:26,690 -10s acquire_nodes  159 : chameleon --> osg: 1
INFO       2021-08-13 15:23:26,693 -10s acquire_nodes  159 : chameleon --> osg: 1
INFO       2021-08-13 15:23:26,716 -10s acquire_nodes  159 : chameleon --> osg: 1
INFO       2021-08-13 15:23:26,730 -10s acquire_nodes  159 : chameleon --> osg: 1
INFO       2021-08-13 15:23:26,852 -10s acquire_nodes  159 : chameleon --> osg: 1
INFO       2021-08-13 15:23:26,856 -10s acquire_nodes  159 : chameleon --> osg: 1
INFO       2021-08-13 15:23:26,861 -10s acquire_nodes  159 : chameleon --> osg: 1
INFO       2021-08-13 15:23:26,868 -10s acquire_nodes  159 : chameleon --> osg: 1
INFO       2021-08-13 15:23:26,869 -10s acquire_nodes  159 : chameleon --> osg: 1
INFO       2021-08-13 15:23:26,877 -10s acquire_nodes  159 : chameleon --> osg: 1
INFO       2021-08-13 15:23:26,878 -10s acquire_nodes  159 : chameleon --> osg: 1
INFO       2021-08-13 15:23:26,891 -10s acquire_nodes  159 : chameleon --> osg: 1
INFO       2021-08-13 15:23:26,911 -10s acquire_nodes  159 : chameleon --> osg: 1
INFO       2021-08-13 15:23:27,202 -10s acquire_nodes  159 : chameleon --> osg: 1
INFO       2021-08-13 15:23:27,270 -10s acquire_nodes  159 : chameleon --> osg: 1
INFO       2021-08-13 15:23:27,300 -10s acquire_nodes  159 : chameleon --> osg: 1
INFO       2021-08-13 15:23:27,529 -10s acquire_nodes  159 : chameleon --> osg: 1
INFO       2021-08-13 15:23:27,537 -10s acquire_nodes  159 : chameleon --> osg: 1
INFO       2021-08-13 15:23:27,546 -10s acquire_nodes  159 : chameleon --> osg: 1
INFO       2021-08-13 15:23:27,594 -10s acquire_nodes  159 : chameleon --> osg: 1
INFO       2021-08-13 15:23:27,632 -10s acquire_nodes  159 : chameleon --> osg: 1
INFO       2021-08-13 15:23:28,819 -10s acquire_nodes  159 : chameleon --> osg: 1
INFO       2021-08-13 15:23:28,846 -10s acquire_nodes  159 : chameleon --> osg: 1
INFO       2021-08-13 15:23:28,856 -10s acquire_nodes  159 : chameleon --> osg: 1
INFO       2021-08-13 15:23:28,861 -10s acquire_nodes  159 : chameleon --> osg: 1
INFO       2021-08-13 15:23:28,864 -10s acquire_nodes  159 : chameleon --> osg: 1
INFO       2021-08-13 15:23:28,867 -10s acquire_nodes  159 : chameleon --> osg: 1
INFO       2021-08-13 15:23:28,956 -10s acquire_nodes  159 : chameleon --> osg: 1
INFO       2021-08-13 15:23:28,972 -10s acquire_nodes  159 : chameleon --> osg: 1
INFO       2021-08-13 15:23:29,749 -10s acquire_nodes  159 : chameleon --> osg: 1
INFO       2021-08-13 15:23:29,770 -10s acquire_nodes  159 : chameleon --> osg: 1
INFO       2021-08-13 15:23:29,800 -10s acquire_nodes  159 : chameleon --> osg: 1
INFO       2021-08-13 15:23:30,014 -10s acquire_nodes  159 : chameleon --> osg: 1
INFO       2021-08-13 15:23:30,053 -10s acquire_nodes  159 : chameleon --> osg: 1
INFO       2021-08-13 15:23:30,055 -10s acquire_nodes  159 : chameleon --> osg: 1
INFO       2021-08-13 15:23:30,661 -10s acquire_nodes  159 : chameleon --> osg: 1
INFO       2021-08-13 15:23:30,662 -10s acquire_nodes  159 : chameleon --> osg: 1
INFO       2021-08-13 15:23:30,726 -10s acquire_nodes  159 : chameleon --> osg: 1
INFO       2021-08-13 15:23:30,745 -10s acquire_nodes  159 : chameleon --> osg: 1
INFO       2021-08-13 15:23:30,786 -10s acquire_nodes  159 : chameleon --> osg: 1
INFO       2021-08-13 15:23:30,995 -10s acquire_nodes  159 : chameleon --> osg: 1
INFO       2021-08-13 15:23:30,996 -10s acquire_nodes  159 : chameleon --> osg: 1
INFO       2021-08-13 15:23:31,066 -10s acquire_nodes  159 : chameleon --> osg: 1
INFO       2021-08-13 15:23:31,068 -10s acquire_nodes  159 : chameleon --> osg: 1
INFO       2021-08-13 15:23:31,073 -10s acquire_nodes  159 : chameleon --> osg: 1
INFO       2021-08-13 15:23:31,075 -10s acquire_nodes  159 : chameleon --> osg: 1
INFO       2021-08-13 15:23:31,993 -10s acquire_nodes  159 : chameleon --> osg: 1
INFO       2021-08-13 15:23:32,009 -10s acquire_nodes  159 : chameleon --> osg: 1
INFO       2021-08-13 15:23:32,187 -10s acquire_nodes  159 : chameleon --> osg: 1
INFO       2021-08-13 15:23:32,232 -10s acquire_nodes  159 : chameleon --> osg: 1
INFO       2021-08-13 15:23:32,368 -10s acquire_nodes  159 : chameleon --> osg: 1
INFO       2021-08-13 15:23:32,392 -10s acquire_nodes  159 : chameleon --> osg: 1
INFO       2021-08-13 15:23:32,998 -10s acquire_nodes  159 : chameleon --> osg: 1
INFO       2021-08-13 15:23:33,071 -10s acquire_nodes  159 : chameleon --> osg: 1
INFO       2021-08-13 15:23:33,218 -10s acquire_nodes  159 : chameleon --> osg: 1
INFO       2021-08-13 15:23:33,223 -10s acquire_nodes  159 : chameleon --> osg: 1
INFO       2021-08-13 15:23:33,259 -10s acquire_nodes  159 : chameleon --> osg: 1
INFO       2021-08-13 15:23:33,289 -10s acquire_nodes  159 : chameleon --> osg: 1
INFO       2021-08-13 15:23:33,293 -10s acquire_nodes  159 : chameleon --> osg: 1
INFO       2021-08-13 15:23:33,861 -10s acquire_nodes  159 : chameleon --> osg: 1
INFO       2021-08-13 15:23:33,899 -10s acquire_nodes  159 : chameleon --> osg: 1
INFO       2021-08-13 15:23:33,914 -10s acquire_nodes  159 : chameleon --> osg: 1
INFO       2021-08-13 15:23:33,917 -10s acquire_nodes  159 : chameleon --> osg: 1
INFO       2021-08-13 15:23:33,953 -10s acquire_nodes  159 : chameleon --> osg: 1
INFO       2021-08-13 15:23:34,292 -10s acquire_nodes  159 : chameleon --> osg: 1
INFO       2021-08-13 15:23:34,305 -10s acquire_nodes  159 : chameleon --> osg: 1
INFO       2021-08-13 15:23:34,336 -10s acquire_nodes  159 : chameleon --> osg: 1
INFO       2021-08-13 15:23:34,338 -10s acquire_nodes  159 : chameleon --> osg: 1
INFO       2021-08-13 15:23:34,691 -10s acquire_nodes  159 : chameleon --> osg: 1
INFO       2021-08-13 15:23:34,708 -10s acquire_nodes  159 : chameleon --> osg: 1
INFO       2021-08-13 15:23:34,720 -10s acquire_nodes  159 : chameleon --> osg: 1
INFO       2021-08-13 15:23:34,758 -10s acquire_nodes  159 : chameleon --> osg: 1
INFO       2021-08-13 15:23:35,684 -10s acquire_nodes  159 : chameleon --> osg: 1
INFO       2021-08-13 15:23:35,693 -10s acquire_nodes  159 : chameleon --> osg: 1
INFO       2021-08-13 15:23:35,713 -10s acquire_nodes  159 : chameleon --> osg: 1
INFO       2021-08-13 15:23:35,734 -10s acquire_nodes  159 : chameleon --> osg: 1
INFO       2021-08-13 15:23:35,758 -10s acquire_nodes  159 : chameleon --> osg: 1
INFO       2021-08-13 15:23:35,785 -10s acquire_nodes  159 : chameleon --> osg: 1
INFO       2021-08-13 15:23:35,786 -10s acquire_nodes  159 : chameleon --> osg: 1
INFO       2021-08-13 15:23:36,792 -10s acquire_nodes  159 : chameleon --> osg: 1
INFO       2021-08-13 15:23:36,792 -10s acquire_nodes  159 : chameleon --> osg: 1
INFO       2021-08-13 15:23:36,865 -10s acquire_nodes  159 : chameleon --> osg: 1
INFO       2021-08-13 15:23:37,072 -10s acquire_nodes  159 : chameleon --> osg: 1
INFO       2021-08-13 15:23:37,106 -10s acquire_nodes  159 : chameleon --> osg: 1
INFO       2021-08-13 15:23:37,489 -10s acquire_nodes  159 : chameleon --> osg: 1
INFO       2021-08-13 15:23:37,504 -10s acquire_nodes  159 : chameleon --> osg: 1
INFO       2021-08-13 15:23:37,515 -10s acquire_nodes  159 : chameleon --> osg: 1
INFO       2021-08-13 15:23:37,520 -10s acquire_nodes  159 : chameleon --> osg: 1
INFO       2021-08-13 15:23:37,523 -10s acquire_nodes  159 : chameleon --> osg: 1
INFO       2021-08-13 15:23:37,530 -10s acquire_nodes  159 : chameleon --> osg: 1
INFO       2021-08-13 15:23:37,532 -10s acquire_nodes  159 : chameleon --> osg: 1
INFO       2021-08-13 15:23:37,533 -10s acquire_nodes  159 : chameleon --> osg: 1
INFO       2021-08-13 15:23:37,540 -10s acquire_nodes  159 : chameleon --> osg: 1
INFO       2021-08-13 15:23:37,880 -10s acquire_nodes  130 : osg --> chameleon: 1
INFO       2021-08-13 15:23:38,012 -10s acquire_nodes  159 : chameleon --> osg: 1
INFO       2021-08-13 15:23:38,758 -10s acquire_nodes  159 : chameleon --> osg: 1
INFO       2021-08-13 15:23:38,760 -10s acquire_nodes  159 : chameleon --> osg: 1
INFO       2021-08-13 15:23:38,972 -10s acquire_nodes  159 : chameleon --> osg: 1
INFO       2021-08-13 15:23:39,023 -10s acquire_nodes  159 : chameleon --> osg: 1
INFO       2021-08-13 15:23:40,052 -10s acquire_nodes  159 : chameleon --> osg: 1
INFO       2021-08-13 15:23:40,192 -10s acquire_nodes  130 : osg --> chameleon: 1
INFO       2021-08-13 15:23:40,322 -10s acquire_nodes  130 : osg --> chameleon: 1
INFO       2021-08-13 15:23:40,457 -10s acquire_nodes  159 : chameleon --> osg: 1
INFO       2021-08-13 15:23:40,715 -10s acquire_nodes  130 : osg --> chameleon: 1
INFO       2021-08-13 15:23:41,050 -10s acquire_nodes  159 : chameleon --> osg: 1
INFO       2021-08-13 15:23:41,228 -10s acquire_nodes  130 : osg --> chameleon: 1
INFO       2021-08-13 15:23:41,473 -10s acquire_nodes  159 : chameleon --> osg: 1
INFO       2021-08-13 15:23:41,735 -10s acquire_nodes  130 : osg --> chameleon: 1
INFO       2021-08-13 15:23:42,509 -10s acquire_nodes  130 : osg --> chameleon: 1
INFO       2021-08-13 15:23:42,614 -10s acquire_nodes  159 : chameleon --> osg: 1
INFO       2021-08-13 15:23:42,678 -10s acquire_nodes  130 : osg --> chameleon: 1
INFO       2021-08-13 15:23:42,819 -10s acquire_nodes  130 : osg --> chameleon: 1
INFO       2021-08-13 15:23:43,125 -10s acquire_nodes  130 : osg --> chameleon: 1
INFO       2021-08-13 15:23:43,408 -10s acquire_nodes  159 : chameleon --> osg: 1
INFO       2021-08-13 15:23:43,484 -10s acquire_nodes  130 : osg --> chameleon: 1
INFO       2021-08-13 15:23:43,595 -10s acquire_nodes  159 : chameleon --> osg: 1
INFO       2021-08-13 15:23:43,619 -10s acquire_nodes  159 : chameleon --> osg: 1
INFO       2021-08-13 15:23:43,625 -10s acquire_nodes  159 : chameleon --> osg: 1
INFO       2021-08-13 15:23:43,723 -10s acquire_nodes  159 : chameleon --> osg: 1
INFO       2021-08-13 15:23:43,788 -10s acquire_nodes  130 : osg --> chameleon: 1
INFO       2021-08-13 15:23:44,017 -10s acquire_nodes  159 : chameleon --> osg: 1
INFO       2021-08-13 15:23:44,214 -10s acquire_nodes  130 : osg --> chameleon: 1
INFO       2021-08-13 15:23:44,697 -10s acquire_nodes  159 : chameleon --> osg: 1
INFO       2021-08-13 15:23:44,743 -10s acquire_nodes  130 : osg --> chameleon: 1
INFO       2021-08-13 15:23:45,072 -10s acquire_nodes  159 : chameleon --> osg: 1
INFO       2021-08-13 15:23:45,222 -10s acquire_nodes  130 : osg --> chameleon: 1
INFO       2021-08-13 15:23:45,500 -10s acquire_nodes  159 : chameleon --> osg: 1
INFO       2021-08-13 15:23:45,735 -10s acquire_nodes  130 : osg --> chameleon: 1
INFO       2021-08-13 15:23:46,531 -10s acquire_nodes  159 : chameleon --> osg: 1
INFO       2021-08-13 15:23:46,757 -10s acquire_nodes  130 : osg --> chameleon: 1
INFO       2021-08-13 15:23:47,143 -10s acquire_nodes  159 : chameleon --> osg: 1
INFO       2021-08-13 15:23:47,257 -10s acquire_nodes  130 : osg --> chameleon: 1
INFO       2021-08-13 15:23:47,505 -10s acquire_nodes  159 : chameleon --> osg: 1
INFO       2021-08-13 15:23:47,760 -10s acquire_nodes  130 : osg --> chameleon: 1
INFO       2021-08-13 15:23:48,534 -10s acquire_nodes  159 : chameleon --> osg: 1
INFO       2021-08-13 15:23:48,811 -10s acquire_nodes  130 : osg --> chameleon: 1
INFO       2021-08-13 15:23:49,088 -10s acquire_nodes  159 : chameleon --> osg: 1
INFO       2021-08-13 15:23:49,246 -10s acquire_nodes  130 : osg --> chameleon: 1
INFO       2021-08-13 15:23:50,041 -10s acquire_nodes  159 : chameleon --> osg: 1
INFO       2021-08-13 15:23:50,260 -10s acquire_nodes  130 : osg --> chameleon: 1
INFO       2021-08-13 15:23:50,601 -10s acquire_nodes  130 : osg --> chameleon: 1
INFO       2021-08-13 15:23:50,868 -10s acquire_nodes  130 : osg --> chameleon: 1
INFO       2021-08-13 15:23:51,047 -10s acquire_nodes  130 : osg --> chameleon: 1
INFO       2021-08-13 15:23:51,156 -10s acquire_nodes  159 : chameleon --> osg: 1
INFO       2021-08-13 15:23:51,215 -10s acquire_nodes  130 : osg --> chameleon: 1
INFO       2021-08-13 15:23:51,349 -10s acquire_nodes  159 : chameleon --> osg: 1
INFO       2021-08-13 15:23:51,364 -10s acquire_nodes  159 : chameleon --> osg: 1
INFO       2021-08-13 15:23:51,388 -10s acquire_nodes  159 : chameleon --> osg: 1
INFO       2021-08-13 15:23:52,153 -10s acquire_nodes  159 : chameleon --> osg: 1
INFO       2021-08-13 15:23:52,610 -10s acquire_nodes  130 : osg --> chameleon: 1
INFO       2021-08-13 15:23:52,734 -10s acquire_nodes  130 : osg --> chameleon: 1
INFO       2021-08-13 15:23:52,879 -10s acquire_nodes  130 : osg --> chameleon: 1
INFO       2021-08-13 15:23:53,020 -10s acquire_nodes  130 : osg --> chameleon: 1
INFO       2021-08-13 15:23:53,349 -10s acquire_nodes  159 : chameleon --> osg: 1
INFO       2021-08-13 15:23:53,362 -10s acquire_nodes  159 : chameleon --> osg: 1
INFO       2021-08-13 15:23:53,363 -10s acquire_nodes  159 : chameleon --> osg: 1
INFO       2021-08-13 15:23:53,378 -10s acquire_nodes  159 : chameleon --> osg: 1
INFO       2021-08-13 15:23:53,408 -10s acquire_nodes  130 : osg --> chameleon: 1
INFO       2021-08-13 15:23:53,557 -10s acquire_nodes  130 : osg --> chameleon: 7
INFO       2021-08-13 15:23:53,749 -10s acquire_nodes  159 : chameleon --> osg: 1
INFO       2021-08-13 15:23:53,824 -10s acquire_nodes  130 : osg --> chameleon: 1
INFO       2021-08-13 15:23:54,271 -10s acquire_nodes  159 : chameleon --> osg: 1
INFO       2021-08-13 15:23:54,408 -10s acquire_nodes  130 : osg --> chameleon: 1
INFO       2021-08-13 15:23:54,701 -10s acquire_nodes  159 : chameleon --> osg: 1
INFO       2021-08-13 15:23:54,826 -10s acquire_nodes  130 : osg --> chameleon: 1
INFO       2021-08-13 15:23:55,087 -10s acquire_nodes  159 : chameleon --> osg: 1
INFO       2021-08-13 15:23:55,332 -10s acquire_nodes  130 : osg --> chameleon: 1
INFO       2021-08-13 15:23:55,808 -10s acquire_nodes  159 : chameleon --> osg: 1
INFO       2021-08-13 15:23:55,853 -10s acquire_nodes  130 : osg --> chameleon: 1
INFO       2021-08-13 15:23:56,113 -10s acquire_nodes  159 : chameleon --> osg: 1
INFO       2021-08-13 15:23:56,372 -10s acquire_nodes  130 : osg --> chameleon: 1
INFO       2021-08-13 15:23:56,699 -10s acquire_nodes  159 : chameleon --> osg: 1
INFO       2021-08-13 15:23:56,846 -10s acquire_nodes  130 : osg --> chameleon: 1
INFO       2021-08-13 15:23:57,156 -10s acquire_nodes  159 : chameleon --> osg: 1
INFO       2021-08-13 15:23:57,309 -10s acquire_nodes  130 : osg --> chameleon: 1
INFO       2021-08-13 15:23:57,606 -10s acquire_nodes  159 : chameleon --> osg: 1
INFO       2021-08-13 15:23:57,841 -10s acquire_nodes  130 : osg --> chameleon: 1
INFO       2021-08-13 15:23:58,643 -10s acquire_nodes  130 : osg --> chameleon: 1
INFO       2021-08-13 15:23:58,728 -10s acquire_nodes  159 : chameleon --> osg: 1
INFO       2021-08-13 15:23:58,804 -10s acquire_nodes  130 : osg --> chameleon: 1
INFO       2021-08-13 15:23:58,933 -10s acquire_nodes  130 : osg --> chameleon: 1
INFO       2021-08-13 15:23:59,052 -10s acquire_nodes  130 : osg --> chameleon: 1
INFO       2021-08-13 15:23:59,434 -10s acquire_nodes  159 : chameleon --> osg: 1
INFO       2021-08-13 15:23:59,435 -10s acquire_nodes  159 : chameleon --> osg: 1
INFO       2021-08-13 15:23:59,443 -10s acquire_nodes  159 : chameleon --> osg: 1
INFO       2021-08-13 15:23:59,808 -10s acquire_nodes  159 : chameleon --> osg: 1
INFO       2021-08-13 15:24:00,121 -10s acquire_nodes  130 : osg --> chameleon: 1
INFO       2021-08-13 15:24:00,294 -10s acquire_nodes  159 : chameleon --> osg: 1
INFO       2021-08-13 15:24:00,384 -10s acquire_nodes  130 : osg --> chameleon: 1
INFO       2021-08-13 15:24:00,636 -10s acquire_nodes  159 : chameleon --> osg: 1
INFO       2021-08-13 15:24:00,855 -10s acquire_nodes  130 : osg --> chameleon: 1
INFO       2021-08-13 15:24:01,203 -10s acquire_nodes  159 : chameleon --> osg: 1
INFO       2021-08-13 15:24:01,340 -10s acquire_nodes  130 : osg --> chameleon: 1
INFO       2021-08-13 15:24:01,469 -10s acquire_nodes  130 : osg --> chameleon: 1
INFO       2021-08-13 15:24:01,658 -10s acquire_nodes  159 : chameleon --> osg: 1
INFO       2021-08-13 15:24:01,876 -10s acquire_nodes  130 : osg --> chameleon: 1
INFO       2021-08-13 15:24:02,052 -10s acquire_nodes  130 : osg --> chameleon: 1
INFO       2021-08-13 15:24:02,225 -10s acquire_nodes  159 : chameleon --> osg: 1
INFO       2021-08-13 15:24:02,362 -10s acquire_nodes  130 : osg --> chameleon: 1
INFO       2021-08-13 15:24:03,189 -10s acquire_nodes  159 : chameleon --> osg: 1
INFO       2021-08-13 15:24:03,360 -10s acquire_nodes  130 : osg --> chameleon: 1
INFO       2021-08-13 15:24:03,664 -10s acquire_nodes  159 : chameleon --> osg: 1
INFO       2021-08-13 15:24:03,885 -10s acquire_nodes  130 : osg --> chameleon: 1
INFO       2021-08-13 15:24:04,165 -10s acquire_nodes  159 : chameleon --> osg: 1
INFO       2021-08-13 15:24:04,371 -10s acquire_nodes  130 : osg --> chameleon: 1
INFO       2021-08-13 15:24:04,732 -10s acquire_nodes  159 : chameleon --> osg: 1
INFO       2021-08-13 15:24:04,864 -10s acquire_nodes  130 : osg --> chameleon: 1
INFO       2021-08-13 15:24:05,357 -10s acquire_nodes  159 : chameleon --> osg: 1
INFO       2021-08-13 15:24:05,383 -10s acquire_nodes  130 : osg --> chameleon: 1
INFO       2021-08-13 15:24:05,684 -10s acquire_nodes  159 : chameleon --> osg: 1
INFO       2021-08-13 15:24:05,958 -10s acquire_nodes  130 : osg --> chameleon: 1
INFO       2021-08-13 15:24:06,673 -10s acquire_nodes  159 : chameleon --> osg: 1
INFO       2021-08-13 15:24:06,851 -10s acquire_nodes  130 : osg --> chameleon: 1
INFO       2021-08-13 15:24:06,972 -10s acquire_nodes  130 : osg --> chameleon: 1
INFO       2021-08-13 15:24:07,036 -10s acquire_nodes  159 : chameleon --> osg: 1
INFO       2021-08-13 15:24:07,175 -10s acquire_nodes  159 : chameleon --> osg: 1
INFO       2021-08-13 15:24:07,912 -10s acquire_nodes  130 : osg --> chameleon: 1
INFO       2021-08-13 15:24:08,207 -10s acquire_nodes  159 : chameleon --> osg: 1
INFO       2021-08-13 15:24:08,906 -10s acquire_nodes  130 : osg --> chameleon: 1
INFO       2021-08-13 15:24:09,226 -10s acquire_nodes  130 : osg --> chameleon: 1
INFO       2021-08-13 15:24:09,348 -10s acquire_nodes  159 : chameleon --> osg: 1
INFO       2021-08-13 15:24:09,494 -10s acquire_nodes  130 : osg --> chameleon: 1
INFO       2021-08-13 15:24:09,782 -10s acquire_nodes  130 : osg --> chameleon: 1
INFO       2021-08-13 15:24:10,382 -10s acquire_nodes  159 : chameleon --> osg: 1
INFO       2021-08-13 15:24:10,384 -10s acquire_nodes  159 : chameleon --> osg: 1
INFO       2021-08-13 15:24:10,388 -10s acquire_nodes  159 : chameleon --> osg: 1
INFO       2021-08-13 15:24:10,390 -10s acquire_nodes  159 : chameleon --> osg: 1
INFO       2021-08-13 15:24:10,431 -10s acquire_nodes  130 : osg --> chameleon: 1
INFO       2021-08-13 15:24:10,807 -10s acquire_nodes  159 : chameleon --> osg: 1
INFO       2021-08-13 15:24:10,927 -10s acquire_nodes  130 : osg --> chameleon: 1
INFO       2021-08-13 15:24:11,259 -10s acquire_nodes  159 : chameleon --> osg: 1
INFO       2021-08-13 15:24:11,635 -10s acquire_nodes  130 : osg --> chameleon: 1
INFO       2021-08-13 15:24:11,692 -10s acquire_nodes  159 : chameleon --> osg: 1
INFO       2021-08-13 15:24:11,921 -10s acquire_nodes  130 : osg --> chameleon: 1
INFO       2021-08-13 15:24:12,073 -10s acquire_nodes  130 : osg --> chameleon: 13
INFO       2021-08-13 15:24:12,343 -10s acquire_nodes  159 : chameleon --> osg: 1
INFO       2021-08-13 15:24:12,425 -10s acquire_nodes  130 : osg --> chameleon: 1
INFO       2021-08-13 15:24:12,698 -10s acquire_nodes  159 : chameleon --> osg: 1
INFO       2021-08-13 15:24:12,930 -10s acquire_nodes  130 : osg --> chameleon: 1
INFO       2021-08-13 15:24:13,218 -10s acquire_nodes  159 : chameleon --> osg: 1
INFO       2021-08-13 15:24:13,430 -10s acquire_nodes  130 : osg --> chameleon: 1
INFO       2021-08-13 15:24:13,866 -10s acquire_nodes  159 : chameleon --> osg: 1
INFO       2021-08-13 15:24:13,962 -10s acquire_nodes  130 : osg --> chameleon: 1
INFO       2021-08-13 15:24:14,216 -10s acquire_nodes  159 : chameleon --> osg: 1
INFO       2021-08-13 15:24:14,445 -10s acquire_nodes  130 : osg --> chameleon: 1
INFO       2021-08-13 15:24:14,744 -10s acquire_nodes  130 : osg --> chameleon: 1
INFO       2021-08-13 15:24:15,036 -10s acquire_nodes  130 : osg --> chameleon: 1
INFO       2021-08-13 15:24:15,178 -10s acquire_nodes  130 : osg --> chameleon: 1
INFO       2021-08-13 15:24:15,285 -10s acquire_nodes  159 : chameleon --> osg: 1
INFO       2021-08-13 15:24:15,334 -10s acquire_nodes  130 : osg --> chameleon: 1
INFO       2021-08-13 15:24:15,521 -10s acquire_nodes  159 : chameleon --> osg: 1
INFO       2021-08-13 15:24:15,530 -10s acquire_nodes  159 : chameleon --> osg: 1
INFO       2021-08-13 15:24:15,614 -10s acquire_nodes  159 : chameleon --> osg: 1
INFO       2021-08-13 15:24:15,808 -10s acquire_nodes  159 : chameleon --> osg: 1
INFO       2021-08-13 15:24:15,967 -10s acquire_nodes  130 : osg --> chameleon: 1
INFO       2021-08-13 15:24:16,739 -10s acquire_nodes  159 : chameleon --> osg: 1
INFO       2021-08-13 15:24:17,061 -10s acquire_nodes  130 : osg --> chameleon: 1
INFO       2021-08-13 15:24:17,263 -10s acquire_nodes  159 : chameleon --> osg: 1
INFO       2021-08-13 15:24:17,332 -10s acquire_nodes  159 : chameleon --> osg: 1
INFO       2021-08-13 15:24:17,448 -10s acquire_nodes  130 : osg --> chameleon: 1
INFO       2021-08-13 15:24:17,585 -10s acquire_nodes  130 : osg --> chameleon: 1
INFO       2021-08-13 15:24:17,743 -10s acquire_nodes  159 : chameleon --> osg: 1
INFO       2021-08-13 15:24:17,974 -10s acquire_nodes  130 : osg --> chameleon: 1
INFO       2021-08-13 15:24:18,237 -10s acquire_nodes  159 : chameleon --> osg: 1
INFO       2021-08-13 15:24:18,454 -10s acquire_nodes  130 : osg --> chameleon: 1
INFO       2021-08-13 15:24:18,773 -10s acquire_nodes  159 : chameleon --> osg: 1
INFO       2021-08-13 15:24:18,995 -10s acquire_nodes  130 : osg --> chameleon: 1
INFO       2021-08-13 15:24:19,351 -10s acquire_nodes  159 : chameleon --> osg: 1
INFO       2021-08-13 15:24:19,490 -10s acquire_nodes  130 : osg --> chameleon: 1
INFO       2021-08-13 15:24:19,721 -10s acquire_nodes  130 : osg --> chameleon: 1
INFO       2021-08-13 15:24:19,918 -10s acquire_nodes  130 : osg --> chameleon: 1
INFO       2021-08-13 15:24:20,025 -10s acquire_nodes  159 : chameleon --> osg: 1
INFO       2021-08-13 15:24:20,083 -10s acquire_nodes  130 : osg --> chameleon: 1
INFO       2021-08-13 15:24:20,276 -10s acquire_nodes  159 : chameleon --> osg: 1
INFO       2021-08-13 15:24:20,504 -10s acquire_nodes  130 : osg --> chameleon: 1
INFO       2021-08-13 15:24:21,271 -10s acquire_nodes  159 : chameleon --> osg: 1
INFO       2021-08-13 15:24:21,492 -10s acquire_nodes  130 : osg --> chameleon: 1
INFO       2021-08-13 15:24:21,787 -10s acquire_nodes  159 : chameleon --> osg: 1
INFO       2021-08-13 15:24:21,989 -10s acquire_nodes  130 : osg --> chameleon: 1
INFO       2021-08-13 15:24:22,409 -10s acquire_nodes  159 : chameleon --> osg: 1
INFO       2021-08-13 15:24:22,503 -10s acquire_nodes  130 : osg --> chameleon: 1
INFO       2021-08-13 15:24:22,788 -10s acquire_nodes  130 : osg --> chameleon: 1
INFO       2021-08-13 15:24:22,894 -10s acquire_nodes  159 : chameleon --> osg: 1
INFO       2021-08-13 15:24:23,019 -10s acquire_nodes  130 : osg --> chameleon: 1
INFO       2021-08-13 15:24:23,110 -10s acquire_nodes  159 : chameleon --> osg: 1
INFO       2021-08-13 15:24:23,170 -10s acquire_nodes  130 : osg --> chameleon: 1
INFO       2021-08-13 15:24:23,295 -10s acquire_nodes  130 : osg --> chameleon: 1
INFO       2021-08-13 15:24:23,771 -10s acquire_nodes  159 : chameleon --> osg: 1
INFO       2021-08-13 15:24:23,892 -10s acquire_nodes  159 : chameleon --> osg: 1
INFO       2021-08-13 15:24:23,906 -10s acquire_nodes  159 : chameleon --> osg: 1
INFO       2021-08-13 15:24:23,909 -10s acquire_nodes  159 : chameleon --> osg: 1
INFO       2021-08-13 15:24:24,029 -10s acquire_nodes  130 : osg --> chameleon: 1
INFO       2021-08-13 15:24:24,179 -10s acquire_nodes  130 : osg --> chameleon: 8
INFO       2021-08-13 15:24:24,347 -10s acquire_nodes  159 : chameleon --> osg: 1
INFO       2021-08-13 15:24:24,519 -10s acquire_nodes  130 : osg --> chameleon: 1
INFO       2021-08-13 15:24:25,313 -10s acquire_nodes  159 : chameleon --> osg: 1
INFO       2021-08-13 15:24:25,527 -10s acquire_nodes  130 : osg --> chameleon: 1
INFO       2021-08-13 15:24:25,660 -10s acquire_nodes  130 : osg --> chameleon: 1
INFO       2021-08-13 15:24:26,161 -10s acquire_nodes  130 : osg --> chameleon: 1
INFO       2021-08-13 15:24:26,352 -10s acquire_nodes  159 : chameleon --> osg: 1
INFO       2021-08-13 15:24:26,502 -10s acquire_nodes  130 : osg --> chameleon: 1
INFO       2021-08-13 15:24:26,802 -10s acquire_nodes  159 : chameleon --> osg: 1
INFO       2021-08-13 15:24:27,014 -10s acquire_nodes  130 : osg --> chameleon: 1
INFO       2021-08-13 15:24:27,303 -10s acquire_nodes  159 : chameleon --> osg: 1
INFO       2021-08-13 15:24:27,810 -10s acquire_nodes  130 : osg --> chameleon: 1
INFO       2021-08-13 15:24:27,996 -10s acquire_nodes  159 : chameleon --> osg: 1
INFO       2021-08-13 15:24:27,996 -10s acquire_nodes  159 : chameleon --> osg: 1
INFO       2021-08-13 15:24:28,863 -10s acquire_nodes  159 : chameleon --> osg: 1
INFO       2021-08-13 15:24:29,052 -10s acquire_nodes  130 : osg --> chameleon: 1
INFO       2021-08-13 15:24:29,900 -10s acquire_nodes  159 : chameleon --> osg: 1
INFO       2021-08-13 15:24:30,056 -10s acquire_nodes  130 : osg --> chameleon: 1
INFO       2021-08-13 15:24:30,363 -10s acquire_nodes  159 : chameleon --> osg: 1
INFO       2021-08-13 15:24:30,564 -10s acquire_nodes  130 : osg --> chameleon: 1
INFO       2021-08-13 15:24:30,860 -10s acquire_nodes  130 : osg --> chameleon: 1
INFO       2021-08-13 15:24:30,964 -10s acquire_nodes  159 : chameleon --> osg: 1
INFO       2021-08-13 15:24:31,105 -10s acquire_nodes  130 : osg --> chameleon: 1
INFO       2021-08-13 15:24:31,250 -10s acquire_nodes  130 : osg --> chameleon: 1
INFO       2021-08-13 15:24:31,389 -10s acquire_nodes  130 : osg --> chameleon: 1
INFO       2021-08-13 15:24:31,503 -10s acquire_nodes  159 : chameleon --> osg: 1
INFO       2021-08-13 15:24:31,534 -10s acquire_nodes  130 : osg --> chameleon: 1
INFO       2021-08-13 15:24:31,685 -10s acquire_nodes  159 : chameleon --> osg: 1
INFO       2021-08-13 15:24:31,704 -10s acquire_nodes  159 : chameleon --> osg: 1
INFO       2021-08-13 15:24:31,746 -10s acquire_nodes  159 : chameleon --> osg: 1
INFO       2021-08-13 15:24:32,467 -10s acquire_nodes  159 : chameleon --> osg: 1
INFO       2021-08-13 15:24:32,480 -10s acquire_nodes  159 : chameleon --> osg: 1
INFO       2021-08-13 15:24:32,520 -10s acquire_nodes  159 : chameleon --> osg: 1
INFO       2021-08-13 15:24:32,525 -10s acquire_nodes  159 : chameleon --> osg: 1
INFO       2021-08-13 15:24:32,559 -10s acquire_nodes  159 : chameleon --> osg: 1
INFO       2021-08-13 15:24:32,592 -10s acquire_nodes  159 : chameleon --> osg: 1
INFO       2021-08-13 15:24:32,900 -10s acquire_nodes  159 : chameleon --> osg: 1
INFO       2021-08-13 15:24:33,335 -10s acquire_nodes  159 : chameleon --> osg: 1
INFO       2021-08-13 15:24:33,380 -10s acquire_nodes  159 : chameleon --> osg: 1
INFO       2021-08-13 15:24:33,571 -10s acquire_nodes  130 : osg --> chameleon: 1
INFO       2021-08-13 15:24:33,621 -10s acquire_nodes  159 : chameleon --> osg: 1
INFO       2021-08-13 15:24:33,729 -10s acquire_nodes  159 : chameleon --> osg: 1
INFO       2021-08-13 15:24:34,028 -10s acquire_nodes  159 : chameleon --> osg: 1
INFO       2021-08-13 15:24:34,072 -10s acquire_nodes  130 : osg --> chameleon: 1
INFO       2021-08-13 15:24:34,810 -10s acquire_nodes  159 : chameleon --> osg: 1
INFO       2021-08-13 15:24:34,900 -10s acquire_nodes  159 : chameleon --> osg: 1
INFO       2021-08-13 15:24:35,124 -10s acquire_nodes  130 : osg --> chameleon: 1
INFO       2021-08-13 15:24:35,894 -10s acquire_nodes  159 : chameleon --> osg: 1
INFO       2021-08-13 15:24:36,183 -10s acquire_nodes  130 : osg --> chameleon: 6
INFO       2021-08-13 15:24:36,444 -10s acquire_nodes  130 : osg --> chameleon: 1
INFO       2021-08-13 15:24:36,524 -10s acquire_nodes  159 : chameleon --> osg: 1
INFO       2021-08-13 15:24:36,591 -10s acquire_nodes  130 : osg --> chameleon: 1
INFO       2021-08-13 15:24:37,096 -10s acquire_nodes  159 : chameleon --> osg: 1
INFO       2021-08-13 15:24:37,109 -10s acquire_nodes  159 : chameleon --> osg: 1
INFO       2021-08-13 15:24:37,418 -10s acquire_nodes  159 : chameleon --> osg: 1
INFO       2021-08-13 15:24:37,623 -10s acquire_nodes  130 : osg --> chameleon: 1
INFO       2021-08-13 15:24:38,434 -10s acquire_nodes  159 : chameleon --> osg: 1
INFO       2021-08-13 15:24:38,833 -10s acquire_nodes  130 : osg --> chameleon: 1
INFO       2021-08-13 15:24:38,933 -10s acquire_nodes  130 : osg --> chameleon: 1
INFO       2021-08-13 15:24:39,168 -10s acquire_nodes  130 : osg --> chameleon: 1
INFO       2021-08-13 15:24:39,250 -10s acquire_nodes  159 : chameleon --> osg: 1
INFO       2021-08-13 15:24:39,305 -10s acquire_nodes  130 : osg --> chameleon: 1
INFO       2021-08-13 15:24:39,427 -10s acquire_nodes  130 : osg --> chameleon: 1
INFO       2021-08-13 15:24:39,504 -10s acquire_nodes  159 : chameleon --> osg: 1
INFO       2021-08-13 15:24:39,511 -10s acquire_nodes  159 : chameleon --> osg: 1
INFO       2021-08-13 15:24:39,806 -10s acquire_nodes  159 : chameleon --> osg: 1
INFO       2021-08-13 15:24:39,912 -10s acquire_nodes  159 : chameleon --> osg: 1
INFO       2021-08-13 15:24:40,164 -10s acquire_nodes  130 : osg --> chameleon: 1
INFO       2021-08-13 15:24:40,541 -10s acquire_nodes  159 : chameleon --> osg: 1
INFO       2021-08-13 15:24:41,135 -10s acquire_nodes  130 : osg --> chameleon: 1
INFO       2021-08-13 15:24:42,017 -10s acquire_nodes  159 : chameleon --> osg: 1
INFO       2021-08-13 15:24:42,055 -10s acquire_nodes  159 : chameleon --> osg: 1
INFO       2021-08-13 15:24:42,055 -10s acquire_nodes  159 : chameleon --> osg: 1
INFO       2021-08-13 15:24:42,138 -10s acquire_nodes  159 : chameleon --> osg: 1
INFO       2021-08-13 15:24:42,369 -10s acquire_nodes  159 : chameleon --> osg: 1
INFO       2021-08-13 15:24:42,477 -10s acquire_nodes  159 : chameleon --> osg: 1
INFO       2021-08-13 15:24:43,092 -10s acquire_nodes  159 : chameleon --> osg: 1
INFO       2021-08-13 15:24:43,182 -10s acquire_nodes  159 : chameleon --> osg: 1
INFO       2021-08-13 15:24:43,423 -10s acquire_nodes  159 : chameleon --> osg: 1
INFO       2021-08-13 15:24:43,657 -10s acquire_nodes  130 : osg --> chameleon: 1
INFO       2021-08-13 15:24:43,945 -10s acquire_nodes  159 : chameleon --> osg: 1
INFO       2021-08-13 15:24:44,661 -10s acquire_nodes  130 : osg --> chameleon: 1
INFO       2021-08-13 15:24:45,452 -10s acquire_nodes  159 : chameleon --> osg: 1
INFO       2021-08-13 15:24:45,647 -10s acquire_nodes  130 : osg --> chameleon: 1
INFO       2021-08-13 15:24:45,923 -10s acquire_nodes  159 : chameleon --> osg: 1
INFO       2021-08-13 15:24:46,659 -10s acquire_nodes  130 : osg --> chameleon: 1
INFO       2021-08-13 15:24:46,933 -10s acquire_nodes  159 : chameleon --> osg: 1
INFO       2021-08-13 15:24:47,068 -10s acquire_nodes  130 : osg --> chameleon: 1
INFO       2021-08-13 15:24:47,207 -10s acquire_nodes  130 : osg --> chameleon: 1
INFO       2021-08-13 15:24:47,308 -10s acquire_nodes  159 : chameleon --> osg: 1
INFO       2021-08-13 15:24:47,348 -10s acquire_nodes  159 : chameleon --> osg: 1
INFO       2021-08-13 15:24:47,666 -10s acquire_nodes  130 : osg --> chameleon: 1
INFO       2021-08-13 15:24:47,959 -10s acquire_nodes  159 : chameleon --> osg: 1
INFO       2021-08-13 15:24:48,574 -10s acquire_nodes  130 : osg --> chameleon: 1
INFO       2021-08-13 15:24:48,707 -10s acquire_nodes  130 : osg --> chameleon: 1
INFO       2021-08-13 15:24:48,838 -10s acquire_nodes  130 : osg --> chameleon: 1
INFO       2021-08-13 15:24:48,964 -10s acquire_nodes  130 : osg --> chameleon: 1
INFO       2021-08-13 15:24:49,029 -10s acquire_nodes  159 : chameleon --> osg: 1
INFO       2021-08-13 15:24:49,177 -10s acquire_nodes  159 : chameleon --> osg: 1
INFO       2021-08-13 15:24:49,181 -10s acquire_nodes  159 : chameleon --> osg: 1
INFO       2021-08-13 15:24:49,451 -10s acquire_nodes  159 : chameleon --> osg: 1
INFO       2021-08-13 15:24:49,980 -10s acquire_nodes  130 : osg --> chameleon: 1
INFO       2021-08-13 15:24:50,072 -10s acquire_nodes  159 : chameleon --> osg: 1
INFO       2021-08-13 15:24:50,222 -10s acquire_nodes  130 : osg --> chameleon: 1
INFO       2021-08-13 15:24:50,480 -10s acquire_nodes  159 : chameleon --> osg: 1
INFO       2021-08-13 15:24:50,689 -10s acquire_nodes  130 : osg --> chameleon: 1
INFO       2021-08-13 15:24:50,825 -10s acquire_nodes  130 : osg --> chameleon: 1
INFO       2021-08-13 15:24:50,956 -10s acquire_nodes  130 : osg --> chameleon: 8
INFO       2021-08-13 15:24:51,516 -10s acquire_nodes  130 : osg --> chameleon: 1
INFO       2021-08-13 15:24:51,647 -10s acquire_nodes  159 : chameleon --> osg: 1
INFO       2021-08-13 15:24:51,685 -10s acquire_nodes  130 : osg --> chameleon: 1
INFO       2021-08-13 15:24:51,796 -10s acquire_nodes  130 : osg --> chameleon: 10
INFO       2021-08-13 15:24:51,966 -10s acquire_nodes  130 : osg --> chameleon: 10
INFO       2021-08-13 15:24:52,532 -10s acquire_nodes  159 : chameleon --> osg: 1
INFO       2021-08-13 15:24:52,740 -10s acquire_nodes  130 : osg --> chameleon: 1
INFO       2021-08-13 15:24:52,896 -10s acquire_nodes  130 : osg --> chameleon: 1
INFO       2021-08-13 15:24:53,037 -10s acquire_nodes  130 : osg --> chameleon: 1
INFO       2021-08-13 15:24:53,187 -10s acquire_nodes  130 : osg --> chameleon: 1
INFO       2021-08-13 15:24:53,313 -10s acquire_nodes  130 : osg --> chameleon: 1
INFO       2021-08-13 15:24:53,976 -10s acquire_nodes  159 : chameleon --> osg: 1
INFO       2021-08-13 15:24:54,250 -10s acquire_nodes  130 : osg --> chameleon: 1
INFO       2021-08-13 15:24:54,490 -10s acquire_nodes  159 : chameleon --> osg: 1
INFO       2021-08-13 15:24:54,714 -10s acquire_nodes  130 : osg --> chameleon: 1
INFO       2021-08-13 15:24:55,032 -10s acquire_nodes  130 : osg --> chameleon: 1
INFO       2021-08-13 15:24:55,150 -10s acquire_nodes  159 : chameleon --> osg: 1
INFO       2021-08-13 15:24:55,324 -10s acquire_nodes  130 : osg --> chameleon: 1
INFO       2021-08-13 15:24:55,666 -10s acquire_nodes  130 : osg --> chameleon: 1
INFO       2021-08-13 15:24:55,832 -10s acquire_nodes  130 : osg --> chameleon: 1
INFO       2021-08-13 15:24:56,163 -10s acquire_nodes  159 : chameleon --> osg: 1
INFO       2021-08-13 15:24:56,211 -10s acquire_nodes  159 : chameleon --> osg: 1
INFO       2021-08-13 15:24:56,365 -10s acquire_nodes  159 : chameleon --> osg: 1
INFO       2021-08-13 15:24:56,692 -10s acquire_nodes  159 : chameleon --> osg: 1
INFO       2021-08-13 15:24:56,728 -10s acquire_nodes  130 : osg --> chameleon: 1
INFO       2021-08-13 15:24:57,151 -10s acquire_nodes  159 : chameleon --> osg: 1
INFO       2021-08-13 15:24:57,247 -10s acquire_nodes  130 : osg --> chameleon: 1
INFO       2021-08-13 15:24:57,517 -10s acquire_nodes  159 : chameleon --> osg: 1
INFO       2021-08-13 15:24:57,759 -10s acquire_nodes  130 : osg --> chameleon: 1
INFO       2021-08-13 15:24:58,018 -10s acquire_nodes  159 : chameleon --> osg: 1
INFO       2021-08-13 15:24:58,238 -10s acquire_nodes  130 : osg --> chameleon: 1
INFO       2021-08-13 15:24:58,537 -10s acquire_nodes  159 : chameleon --> osg: 1
INFO       2021-08-13 15:24:58,801 -10s acquire_nodes  130 : osg --> chameleon: 1
INFO       2021-08-13 15:24:58,864 -10s acquire_nodes  159 : chameleon --> osg: 1
INFO       2021-08-13 15:24:58,899 -10s acquire_nodes  159 : chameleon --> osg: 1
INFO       2021-08-13 15:24:58,917 -10s acquire_nodes  159 : chameleon --> osg: 1
INFO       2021-08-13 15:24:59,131 -10s acquire_nodes  159 : chameleon --> osg: 1
INFO       2021-08-13 15:24:59,204 -10s acquire_nodes  159 : chameleon --> osg: 1
INFO       2021-08-13 15:24:59,711 -10s acquire_nodes  159 : chameleon --> osg: 1
INFO       2021-08-13 15:24:59,728 -10s acquire_nodes  159 : chameleon --> osg: 1
INFO       2021-08-13 15:24:59,960 -10s acquire_nodes  159 : chameleon --> osg: 1
INFO       2021-08-13 15:25:00,087 -10s acquire_nodes  159 : chameleon --> osg: 1
INFO       2021-08-13 15:25:00,095 -10s acquire_nodes  159 : chameleon --> osg: 1
INFO       2021-08-13 15:25:00,272 -10s acquire_nodes  159 : chameleon --> osg: 1
INFO       2021-08-13 15:25:00,287 -10s acquire_nodes  159 : chameleon --> osg: 1
INFO       2021-08-13 15:25:00,298 -10s acquire_nodes  159 : chameleon --> osg: 1
INFO       2021-08-13 15:25:00,315 -10s acquire_nodes  159 : chameleon --> osg: 1
INFO       2021-08-13 15:25:00,361 -10s acquire_nodes  159 : chameleon --> osg: 1
INFO       2021-08-13 15:25:00,387 -10s acquire_nodes  159 : chameleon --> osg: 1
INFO       2021-08-13 15:25:00,742 -10s acquire_nodes  159 : chameleon --> osg: 1
INFO       2021-08-13 15:25:00,894 -10s acquire_nodes  130 : osg --> chameleon: 1
INFO       2021-08-13 15:25:01,257 -10s acquire_nodes  159 : chameleon --> osg: 1
INFO       2021-08-13 15:25:01,320 -10s acquire_nodes  130 : osg --> chameleon: 1
INFO       2021-08-13 15:25:01,624 -10s acquire_nodes  159 : chameleon --> osg: 1
INFO       2021-08-13 15:25:01,762 -10s acquire_nodes  130 : osg --> chameleon: 1
INFO       2021-08-13 15:25:02,560 -10s acquire_nodes  159 : chameleon --> osg: 1
INFO       2021-08-13 15:25:02,799 -10s acquire_nodes  130 : osg --> chameleon: 1
INFO       2021-08-13 15:25:03,113 -10s acquire_nodes  130 : osg --> chameleon: 1
INFO       2021-08-13 15:25:03,367 -10s acquire_nodes  130 : osg --> chameleon: 1
INFO       2021-08-13 15:25:03,539 -10s acquire_nodes  130 : osg --> chameleon: 1
INFO       2021-08-13 15:25:03,642 -10s acquire_nodes  159 : chameleon --> osg: 1
INFO       2021-08-13 15:25:03,660 -10s acquire_nodes  130 : osg --> chameleon: 1
INFO       2021-08-13 15:25:03,823 -10s acquire_nodes  159 : chameleon --> osg: 1
INFO       2021-08-13 15:25:03,838 -10s acquire_nodes  159 : chameleon --> osg: 1
INFO       2021-08-13 15:25:03,841 -10s acquire_nodes  159 : chameleon --> osg: 1
INFO       2021-08-13 15:25:04,744 -10s acquire_nodes  159 : chameleon --> osg: 1
INFO       2021-08-13 15:25:04,800 -10s acquire_nodes  130 : osg --> chameleon: 1
INFO       2021-08-13 15:25:05,089 -10s acquire_nodes  159 : chameleon --> osg: 1
INFO       2021-08-13 15:25:05,305 -10s acquire_nodes  130 : osg --> chameleon: 1
INFO       2021-08-13 15:25:05,916 -10s acquire_nodes  130 : osg --> chameleon: 1
INFO       2021-08-13 15:25:06,083 -10s acquire_nodes  130 : osg --> chameleon: 1
INFO       2021-08-13 15:25:06,157 -10s acquire_nodes  159 : chameleon --> osg: 1
INFO       2021-08-13 15:25:06,310 -10s acquire_nodes  130 : osg --> chameleon: 1
INFO       2021-08-13 15:25:06,696 -10s acquire_nodes  159 : chameleon --> osg: 1
INFO       2021-08-13 15:25:06,960 -10s acquire_nodes  130 : osg --> chameleon: 1
INFO       2021-08-13 15:25:07,088 -10s acquire_nodes  159 : chameleon --> osg: 1
INFO       2021-08-13 15:25:07,339 -10s acquire_nodes  130 : osg --> chameleon: 1
INFO       2021-08-13 15:25:07,615 -10s acquire_nodes  159 : chameleon --> osg: 1
INFO       2021-08-13 15:25:08,332 -10s acquire_nodes  159 : chameleon --> osg: 1
INFO       2021-08-13 15:25:08,671 -10s acquire_nodes  159 : chameleon --> osg: 1
INFO       2021-08-13 15:25:08,830 -10s acquire_nodes  130 : osg --> chameleon: 1
INFO       2021-08-13 15:25:09,616 -10s acquire_nodes  159 : chameleon --> osg: 1
INFO       2021-08-13 15:25:09,831 -10s acquire_nodes  130 : osg --> chameleon: 1
INFO       2021-08-13 15:25:10,600 -10s acquire_nodes  159 : chameleon --> osg: 1
INFO       2021-08-13 15:25:10,849 -10s acquire_nodes  130 : osg --> chameleon: 1
INFO       2021-08-13 15:25:11,151 -10s acquire_nodes  130 : osg --> chameleon: 1
INFO       2021-08-13 15:25:11,494 -10s acquire_nodes  130 : osg --> chameleon: 1
INFO       2021-08-13 15:25:11,649 -10s acquire_nodes  130 : osg --> chameleon: 1
INFO       2021-08-13 15:25:11,775 -10s acquire_nodes  159 : chameleon --> osg: 1
INFO       2021-08-13 15:25:11,813 -10s acquire_nodes  130 : osg --> chameleon: 1
INFO       2021-08-13 15:25:11,878 -10s acquire_nodes  159 : chameleon --> osg: 1
INFO       2021-08-13 15:25:11,960 -10s acquire_nodes  159 : chameleon --> osg: 1
INFO       2021-08-13 15:25:11,981 -10s acquire_nodes  159 : chameleon --> osg: 1
INFO       2021-08-13 15:25:12,141 -10s acquire_nodes  159 : chameleon --> osg: 1
INFO       2021-08-13 15:25:12,484 -10s acquire_nodes  130 : osg --> chameleon: 1
INFO       2021-08-13 15:25:12,709 -10s acquire_nodes  159 : chameleon --> osg: 1
INFO       2021-08-13 15:25:12,861 -10s acquire_nodes  130 : osg --> chameleon: 1
INFO       2021-08-13 15:25:13,227 -10s acquire_nodes  159 : chameleon --> osg: 1
INFO       2021-08-13 15:25:13,378 -10s acquire_nodes  130 : osg --> chameleon: 1
INFO       2021-08-13 15:25:14,136 -10s acquire_nodes  159 : chameleon --> osg: 1
INFO       2021-08-13 15:25:14,200 -10s acquire_nodes  159 : chameleon --> osg: 1
INFO       2021-08-13 15:25:14,390 -10s acquire_nodes  130 : osg --> chameleon: 1
INFO       2021-08-13 15:25:14,657 -10s acquire_nodes  159 : chameleon --> osg: 1
INFO       2021-08-13 15:25:14,847 -10s acquire_nodes  130 : osg --> chameleon: 1
INFO       2021-08-13 15:25:15,837 -10s acquire_nodes  130 : osg --> chameleon: 1
INFO       2021-08-13 15:25:15,966 -10s acquire_nodes  130 : osg --> chameleon: 1
INFO       2021-08-13 15:25:16,086 -10s acquire_nodes  130 : osg --> chameleon: 1
INFO       2021-08-13 15:25:16,316 -10s acquire_nodes  159 : chameleon --> osg: 1
INFO       2021-08-13 15:25:16,375 -10s acquire_nodes  130 : osg --> chameleon: 1
INFO       2021-08-13 15:25:16,655 -10s acquire_nodes  159 : chameleon --> osg: 1
INFO       2021-08-13 15:25:16,877 -10s acquire_nodes  130 : osg --> chameleon: 1
INFO       2021-08-13 15:25:17,688 -10s acquire_nodes  159 : chameleon --> osg: 1
INFO       2021-08-13 15:25:18,003 -10s acquire_nodes  130 : osg --> chameleon: 1
INFO       2021-08-13 15:25:18,277 -10s acquire_nodes  159 : chameleon --> osg: 1
INFO       2021-08-13 15:25:18,406 -10s acquire_nodes  130 : osg --> chameleon: 1
INFO       2021-08-13 15:25:18,676 -10s acquire_nodes  159 : chameleon --> osg: 1
INFO       2021-08-13 15:25:18,907 -10s acquire_nodes  130 : osg --> chameleon: 1
INFO       2021-08-13 15:25:19,216 -10s acquire_nodes  130 : osg --> chameleon: 1
INFO       2021-08-13 15:25:19,491 -10s acquire_nodes  130 : osg --> chameleon: 1
INFO       2021-08-13 15:25:19,639 -10s acquire_nodes  130 : osg --> chameleon: 1
INFO       2021-08-13 15:25:19,724 -10s acquire_nodes  159 : chameleon --> osg: 1
INFO       2021-08-13 15:25:19,788 -10s acquire_nodes  130 : osg --> chameleon: 1
INFO       2021-08-13 15:25:19,862 -10s acquire_nodes  159 : chameleon --> osg: 1
INFO       2021-08-13 15:25:19,901 -10s acquire_nodes  159 : chameleon --> osg: 1
INFO       2021-08-13 15:25:19,934 -10s acquire_nodes  159 : chameleon --> osg: 1
INFO       2021-08-13 15:25:20,197 -10s acquire_nodes  159 : chameleon --> osg: 1
INFO       2021-08-13 15:25:20,424 -10s acquire_nodes  130 : osg --> chameleon: 1
INFO       2021-08-13 15:25:20,578 -10s acquire_nodes  130 : osg --> chameleon: 1
INFO       2021-08-13 15:25:20,791 -10s acquire_nodes  159 : chameleon --> osg: 1
INFO       2021-08-13 15:25:20,908 -10s acquire_nodes  130 : osg --> chameleon: 1
INFO       2021-08-13 15:25:21,187 -10s acquire_nodes  159 : chameleon --> osg: 1
INFO       2021-08-13 15:25:21,406 -10s acquire_nodes  130 : osg --> chameleon: 1
INFO       2021-08-13 15:25:21,696 -10s acquire_nodes  159 : chameleon --> osg: 1
INFO       2021-08-13 15:25:21,927 -10s acquire_nodes  130 : osg --> chameleon: 1
INFO       2021-08-13 15:25:22,011 -10s acquire_nodes  159 : chameleon --> osg: 1
INFO       2021-08-13 15:25:22,243 -10s acquire_nodes  159 : chameleon --> osg: 1
INFO       2021-08-13 15:25:22,423 -10s acquire_nodes  130 : osg --> chameleon: 1
INFO       2021-08-13 15:25:22,918 -10s acquire_nodes  159 : chameleon --> osg: 1
INFO       2021-08-13 15:25:23,216 -10s acquire_nodes  159 : chameleon --> osg: 1
INFO       2021-08-13 15:25:23,517 -10s acquire_nodes  130 : osg --> chameleon: 1
INFO       2021-08-13 15:25:23,846 -10s acquire_nodes  130 : osg --> chameleon: 1
INFO       2021-08-13 15:25:24,017 -10s acquire_nodes  159 : chameleon --> osg: 1
INFO       2021-08-13 15:25:24,056 -10s acquire_nodes  159 : chameleon --> osg: 1
INFO       2021-08-13 15:25:24,077 -10s acquire_nodes  159 : chameleon --> osg: 1
INFO       2021-08-13 15:25:24,210 -10s acquire_nodes  159 : chameleon --> osg: 1
INFO       2021-08-13 15:25:24,472 -10s acquire_nodes  130 : osg --> chameleon: 1
INFO       2021-08-13 15:25:24,666 -10s acquire_nodes  130 : osg --> chameleon: 5
INFO       2021-08-13 15:25:24,726 -10s acquire_nodes  159 : chameleon --> osg: 1
INFO       2021-08-13 15:25:24,943 -10s acquire_nodes  130 : osg --> chameleon: 1
INFO       2021-08-13 15:25:25,226 -10s acquire_nodes  159 : chameleon --> osg: 1
INFO       2021-08-13 15:25:25,445 -10s acquire_nodes  130 : osg --> chameleon: 1
INFO       2021-08-13 15:25:25,720 -10s acquire_nodes  159 : chameleon --> osg: 1
INFO       2021-08-13 15:25:25,941 -10s acquire_nodes  130 : osg --> chameleon: 1
INFO       2021-08-13 15:25:26,722 -10s acquire_nodes  159 : chameleon --> osg: 1
INFO       2021-08-13 15:25:26,968 -10s acquire_nodes  130 : osg --> chameleon: 1
INFO       2021-08-13 15:25:27,254 -10s acquire_nodes  130 : osg --> chameleon: 1
INFO       2021-08-13 15:25:27,309 -10s acquire_nodes  159 : chameleon --> osg: 1
INFO       2021-08-13 15:25:27,400 -10s acquire_nodes  130 : osg --> chameleon: 1
INFO       2021-08-13 15:25:27,553 -10s acquire_nodes  130 : osg --> chameleon: 1
INFO       2021-08-13 15:25:27,700 -10s acquire_nodes  130 : osg --> chameleon: 1
INFO       2021-08-13 15:25:27,976 -10s acquire_nodes  159 : chameleon --> osg: 1
INFO       2021-08-13 15:25:27,976 -10s acquire_nodes  159 : chameleon --> osg: 1
INFO       2021-08-13 15:25:28,003 -10s acquire_nodes  159 : chameleon --> osg: 1
INFO       2021-08-13 15:25:28,562 -10s acquire_nodes  159 : chameleon --> osg: 1
INFO       2021-08-13 15:25:28,885 -10s acquire_nodes  159 : chameleon --> osg: 1
INFO       2021-08-13 15:25:29,099 -10s acquire_nodes  130 : osg --> chameleon: 1
INFO       2021-08-13 15:25:29,524 -10s acquire_nodes  130 : osg --> chameleon: 1
INFO       2021-08-13 15:25:29,590 -10s acquire_nodes  159 : chameleon --> osg: 1
INFO       2021-08-13 15:25:29,687 -10s acquire_nodes  130 : osg --> chameleon: 1
INFO       2021-08-13 15:25:29,894 -10s acquire_nodes  159 : chameleon --> osg: 1
INFO       2021-08-13 15:25:29,972 -10s acquire_nodes  130 : osg --> chameleon: 1
INFO       2021-08-13 15:25:30,280 -10s acquire_nodes  159 : chameleon --> osg: 1
INFO       2021-08-13 15:25:30,516 -10s acquire_nodes  130 : osg --> chameleon: 1
INFO       2021-08-13 15:25:30,832 -10s acquire_nodes  159 : chameleon --> osg: 1
INFO       2021-08-13 15:25:30,975 -10s acquire_nodes  130 : osg --> chameleon: 1
INFO       2021-08-13 15:25:31,857 -10s acquire_nodes  159 : chameleon --> osg: 1
INFO       2021-08-13 15:25:31,885 -10s acquire_nodes  159 : chameleon --> osg: 1
INFO       2021-08-13 15:25:31,998 -10s acquire_nodes  130 : osg --> chameleon: 1
INFO       2021-08-13 15:25:32,776 -10s acquire_nodes  159 : chameleon --> osg: 1
INFO       2021-08-13 15:25:32,999 -10s acquire_nodes  130 : osg --> chameleon: 1
INFO       2021-08-13 15:25:33,276 -10s acquire_nodes  159 : chameleon --> osg: 1
INFO       2021-08-13 15:25:33,500 -10s acquire_nodes  130 : osg --> chameleon: 1
INFO       2021-08-13 15:25:33,795 -10s acquire_nodes  159 : chameleon --> osg: 1
INFO       2021-08-13 15:25:34,027 -10s acquire_nodes  130 : osg --> chameleon: 1
INFO       2021-08-13 15:25:34,280 -10s acquire_nodes  159 : chameleon --> osg: 1
INFO       2021-08-13 15:25:34,524 -10s acquire_nodes  130 : osg --> chameleon: 1
INFO       2021-08-13 15:25:35,028 -10s acquire_nodes  159 : chameleon --> osg: 1
INFO       2021-08-13 15:25:35,077 -10s acquire_nodes  130 : osg --> chameleon: 1
INFO       2021-08-13 15:25:35,369 -10s acquire_nodes  130 : osg --> chameleon: 1
INFO       2021-08-13 15:25:35,466 -10s acquire_nodes  159 : chameleon --> osg: 1
INFO       2021-08-13 15:25:35,545 -10s acquire_nodes  130 : osg --> chameleon: 1
INFO       2021-08-13 15:25:35,675 -10s acquire_nodes  130 : osg --> chameleon: 1
INFO       2021-08-13 15:25:35,734 -10s acquire_nodes  159 : chameleon --> osg: 1
INFO       2021-08-13 15:25:35,790 -10s acquire_nodes  130 : osg --> chameleon: 1
INFO       2021-08-13 15:25:35,945 -10s acquire_nodes  130 : osg --> chameleon: 1
INFO       2021-08-13 15:25:36,042 -10s acquire_nodes  159 : chameleon --> osg: 1
INFO       2021-08-13 15:25:36,060 -10s acquire_nodes  159 : chameleon --> osg: 1
INFO       2021-08-13 15:25:36,075 -10s acquire_nodes  159 : chameleon --> osg: 1
INFO       2021-08-13 15:25:36,429 -10s acquire_nodes  159 : chameleon --> osg: 1
INFO       2021-08-13 15:25:36,534 -10s acquire_nodes  130 : osg --> chameleon: 1
INFO       2021-08-13 15:25:36,977 -10s acquire_nodes  159 : chameleon --> osg: 1
INFO       2021-08-13 15:25:37,010 -10s acquire_nodes  130 : osg --> chameleon: 1
INFO       2021-08-13 15:25:37,248 -10s acquire_nodes  130 : osg --> chameleon: 1
INFO       2021-08-13 15:25:37,343 -10s acquire_nodes  159 : chameleon --> osg: 1
INFO       2021-08-13 15:25:37,369 -10s acquire_nodes  159 : chameleon --> osg: 1
INFO       2021-08-13 15:25:37,544 -10s acquire_nodes  130 : osg --> chameleon: 1
INFO       2021-08-13 15:25:38,378 -10s acquire_nodes  159 : chameleon --> osg: 1
INFO       2021-08-13 15:25:38,547 -10s acquire_nodes  130 : osg --> chameleon: 1
INFO       2021-08-13 15:25:39,356 -10s acquire_nodes  159 : chameleon --> osg: 1
INFO       2021-08-13 15:25:40,074 -10s acquire_nodes  130 : osg --> chameleon: 1
INFO       2021-08-13 15:25:40,310 -10s acquire_nodes  159 : chameleon --> osg: 1
INFO       2021-08-13 15:25:41,065 -10s acquire_nodes  130 : osg --> chameleon: 1
INFO       2021-08-13 15:25:41,336 -10s acquire_nodes  159 : chameleon --> osg: 1
INFO       2021-08-13 15:25:41,337 -10s acquire_nodes  159 : chameleon --> osg: 1
INFO       2021-08-13 15:25:41,345 -10s acquire_nodes  159 : chameleon --> osg: 1
INFO       2021-08-13 15:25:41,349 -10s acquire_nodes  159 : chameleon --> osg: 1
INFO       2021-08-13 15:25:41,359 -10s acquire_nodes  159 : chameleon --> osg: 1
INFO       2021-08-13 15:25:41,375 -10s acquire_nodes  159 : chameleon --> osg: 1
INFO       2021-08-13 15:25:41,557 -10s acquire_nodes  130 : osg --> chameleon: 1
INFO       2021-08-13 15:25:42,326 -10s acquire_nodes  159 : chameleon --> osg: 1
INFO       2021-08-13 15:25:43,068 -10s acquire_nodes  130 : osg --> chameleon: 1
INFO       2021-08-13 15:25:43,336 -10s acquire_nodes  159 : chameleon --> osg: 1
INFO       2021-08-13 15:25:43,472 -10s acquire_nodes  130 : osg --> chameleon: 1
INFO       2021-08-13 15:25:43,620 -10s acquire_nodes  130 : osg --> chameleon: 1
INFO       2021-08-13 15:25:43,733 -10s acquire_nodes  159 : chameleon --> osg: 1
INFO       2021-08-13 15:25:43,849 -10s acquire_nodes  159 : chameleon --> osg: 1
INFO       2021-08-13 15:25:44,051 -10s acquire_nodes  130 : osg --> chameleon: 1
INFO       2021-08-13 15:25:44,431 -10s acquire_nodes  159 : chameleon --> osg: 1
INFO       2021-08-13 15:25:45,373 -10s acquire_nodes  159 : chameleon --> osg: 1
INFO       2021-08-13 15:25:45,603 -10s acquire_nodes  130 : osg --> chameleon: 1
INFO       2021-08-13 15:25:45,746 -10s acquire_nodes  130 : osg --> chameleon: 1
INFO       2021-08-13 15:25:46,203 -10s acquire_nodes  130 : osg --> chameleon: 1
INFO       2021-08-13 15:25:46,381 -10s acquire_nodes  130 : osg --> chameleon: 1
INFO       2021-08-13 15:25:46,525 -10s acquire_nodes  159 : chameleon --> osg: 1
INFO       2021-08-13 15:25:46,571 -10s acquire_nodes  159 : chameleon --> osg: 1
INFO       2021-08-13 15:25:46,806 -10s acquire_nodes  159 : chameleon --> osg: 1
INFO       2021-08-13 15:25:46,866 -10s acquire_nodes  159 : chameleon --> osg: 1
INFO       2021-08-13 15:25:47,092 -10s acquire_nodes  130 : osg --> chameleon: 1
INFO       2021-08-13 15:25:47,316 -10s acquire_nodes  159 : chameleon --> osg: 1
INFO       2021-08-13 15:25:47,381 -10s acquire_nodes  159 : chameleon --> osg: 1
INFO       2021-08-13 15:25:47,602 -10s acquire_nodes  130 : osg --> chameleon: 1
INFO       2021-08-13 15:25:47,842 -10s acquire_nodes  159 : chameleon --> osg: 1
INFO       2021-08-13 15:25:48,003 -10s acquire_nodes  159 : chameleon --> osg: 1
INFO       2021-08-13 15:25:48,084 -10s acquire_nodes  130 : osg --> chameleon: 1
INFO       2021-08-13 15:25:48,430 -10s acquire_nodes  159 : chameleon --> osg: 1
INFO       2021-08-13 15:25:48,486 -10s acquire_nodes  130 : osg --> chameleon: 1
INFO       2021-08-13 15:25:48,626 -10s acquire_nodes  130 : osg --> chameleon: 1
INFO       2021-08-13 15:25:48,940 -10s acquire_nodes  159 : chameleon --> osg: 1
INFO       2021-08-13 15:25:49,086 -10s acquire_nodes  130 : osg --> chameleon: 1
INFO       2021-08-13 15:25:49,407 -10s acquire_nodes  159 : chameleon --> osg: 1
INFO       2021-08-13 15:25:49,475 -10s acquire_nodes  159 : chameleon --> osg: 1
INFO       2021-08-13 15:25:49,490 -10s acquire_nodes  159 : chameleon --> osg: 1
INFO       2021-08-13 15:25:49,521 -10s acquire_nodes  159 : chameleon --> osg: 1
INFO       2021-08-13 15:25:49,570 -10s acquire_nodes  159 : chameleon --> osg: 1
INFO       2021-08-13 15:25:49,599 -10s acquire_nodes  159 : chameleon --> osg: 1
INFO       2021-08-13 15:25:50,139 -10s acquire_nodes  130 : osg --> chameleon: 1
INFO       2021-08-13 15:25:50,278 -10s acquire_nodes  130 : osg --> chameleon: 1
INFO       2021-08-13 15:25:50,441 -10s acquire_nodes  130 : osg --> chameleon: 1
INFO       2021-08-13 15:25:50,518 -10s acquire_nodes  159 : chameleon --> osg: 1
INFO       2021-08-13 15:25:50,633 -10s acquire_nodes  130 : osg --> chameleon: 1
INFO       2021-08-13 15:25:50,927 -10s acquire_nodes  159 : chameleon --> osg: 1
INFO       2021-08-13 15:25:51,109 -10s acquire_nodes  130 : osg --> chameleon: 1
INFO       2021-08-13 15:25:51,519 -10s acquire_nodes  130 : osg --> chameleon: 1
INFO       2021-08-13 15:25:51,752 -10s acquire_nodes  159 : chameleon --> osg: 1
INFO       2021-08-13 15:25:51,972 -10s acquire_nodes  130 : osg --> chameleon: 1
INFO       2021-08-13 15:25:52,217 -10s acquire_nodes  130 : osg --> chameleon: 1
INFO       2021-08-13 15:25:52,357 -10s acquire_nodes  130 : osg --> chameleon: 1
INFO       2021-08-13 15:25:52,622 -10s acquire_nodes  159 : chameleon --> osg: 1
INFO       2021-08-13 15:25:52,674 -10s acquire_nodes  159 : chameleon --> osg: 1
INFO       2021-08-13 15:25:52,687 -10s acquire_nodes  159 : chameleon --> osg: 1
INFO       2021-08-13 15:25:52,688 -10s acquire_nodes  159 : chameleon --> osg: 1
INFO       2021-08-13 15:25:52,731 -10s acquire_nodes  130 : osg --> chameleon: 1
INFO       2021-08-13 15:25:52,871 -10s acquire_nodes  130 : osg --> chameleon: 1
INFO       2021-08-13 15:25:52,988 -10s acquire_nodes  130 : osg --> chameleon: 1
INFO       2021-08-13 15:25:53,082 -10s acquire_nodes  159 : chameleon --> osg: 1
INFO       2021-08-13 15:25:53,156 -10s acquire_nodes  130 : osg --> chameleon: 1
INFO       2021-08-13 15:25:53,402 -10s acquire_nodes  159 : chameleon --> osg: 1
INFO       2021-08-13 15:25:53,670 -10s acquire_nodes  130 : osg --> chameleon: 1
INFO       2021-08-13 15:25:53,928 -10s acquire_nodes  159 : chameleon --> osg: 1
INFO       2021-08-13 15:25:54,139 -10s acquire_nodes  130 : osg --> chameleon: 1
INFO       2021-08-13 15:25:54,268 -10s acquire_nodes  130 : osg --> chameleon: 1
INFO       2021-08-13 15:25:54,409 -10s acquire_nodes  130 : osg --> chameleon: 1
INFO       2021-08-13 15:25:54,575 -10s acquire_nodes  130 : osg --> chameleon: 1
INFO       2021-08-13 15:25:54,632 -10s acquire_nodes  159 : chameleon --> osg: 1
INFO       2021-08-13 15:25:54,674 -10s acquire_nodes  159 : chameleon --> osg: 1
INFO       2021-08-13 15:25:54,705 -10s acquire_nodes  130 : osg --> chameleon: 1
INFO       2021-08-13 15:25:54,827 -10s acquire_nodes  130 : osg --> chameleon: 1
INFO       2021-08-13 15:25:54,943 -10s acquire_nodes  130 : osg --> chameleon: 1
INFO       2021-08-13 15:25:55,106 -10s acquire_nodes  130 : osg --> chameleon: 1
INFO       2021-08-13 15:25:55,230 -10s acquire_nodes  130 : osg --> chameleon: 1
INFO       2021-08-13 15:25:55,337 -10s acquire_nodes  130 : osg --> chameleon: 1
INFO       2021-08-13 15:25:55,484 -10s acquire_nodes  130 : osg --> chameleon: 1
INFO       2021-08-13 15:25:55,716 -10s acquire_nodes  130 : osg --> chameleon: 1
INFO       2021-08-13 15:25:55,832 -10s acquire_nodes  130 : osg --> chameleon: 1
INFO       2021-08-13 15:25:55,927 -10s acquire_nodes  159 : chameleon --> osg: 1
INFO       2021-08-13 15:25:55,963 -10s acquire_nodes  130 : osg --> chameleon: 1
INFO       2021-08-13 15:25:56,113 -10s acquire_nodes  130 : osg --> chameleon: 1
INFO       2021-08-13 15:25:56,235 -10s acquire_nodes  130 : osg --> chameleon: 1
INFO       2021-08-13 15:25:56,384 -10s acquire_nodes  130 : osg --> chameleon: 1
INFO       2021-08-13 15:25:56,512 -10s acquire_nodes  130 : osg --> chameleon: 1
INFO       2021-08-13 15:25:56,620 -10s acquire_nodes  130 : osg --> chameleon: 1
INFO       2021-08-13 15:25:56,871 -10s acquire_nodes  130 : osg --> chameleon: 1
INFO       2021-08-13 15:25:57,005 -10s acquire_nodes  130 : osg --> chameleon: 1
INFO       2021-08-13 15:25:57,133 -10s acquire_nodes  130 : osg --> chameleon: 1
INFO       2021-08-13 15:25:57,267 -10s acquire_nodes  130 : osg --> chameleon: 1
INFO       2021-08-13 15:25:57,698 -10s acquire_nodes  130 : osg --> chameleon: 1
INFO       2021-08-13 15:25:57,893 -10s acquire_nodes  159 : chameleon --> osg: 1
INFO       2021-08-13 15:25:57,906 -10s acquire_nodes  159 : chameleon --> osg: 1
INFO       2021-08-13 15:25:57,926 -10s acquire_nodes  159 : chameleon --> osg: 1
INFO       2021-08-13 15:25:57,933 -10s acquire_nodes  159 : chameleon --> osg: 1
INFO       2021-08-13 15:25:58,007 -10s acquire_nodes  159 : chameleon --> osg: 1
INFO       2021-08-13 15:25:58,195 -10s acquire_nodes  159 : chameleon --> osg: 1
INFO       2021-08-13 15:25:58,205 -10s acquire_nodes  159 : chameleon --> osg: 1
INFO       2021-08-13 15:25:58,239 -10s acquire_nodes  130 : osg --> chameleon: 1
INFO       2021-08-13 15:25:58,547 -10s acquire_nodes  159 : chameleon --> osg: 1
INFO       2021-08-13 15:25:58,702 -10s acquire_nodes  130 : osg --> chameleon: 1
INFO       2021-08-13 15:25:58,978 -10s acquire_nodes  159 : chameleon --> osg: 1
INFO       2021-08-13 15:25:59,211 -10s acquire_nodes  130 : osg --> chameleon: 1
INFO       2021-08-13 15:25:59,506 -10s acquire_nodes  130 : osg --> chameleon: 1
INFO       2021-08-13 15:25:59,784 -10s acquire_nodes  130 : osg --> chameleon: 1
INFO       2021-08-13 15:25:59,924 -10s acquire_nodes  130 : osg --> chameleon: 1
INFO       2021-08-13 15:26:00,004 -10s acquire_nodes  159 : chameleon --> osg: 1
INFO       2021-08-13 15:26:00,077 -10s acquire_nodes  130 : osg --> chameleon: 1
INFO       2021-08-13 15:26:00,186 -10s acquire_nodes  159 : chameleon --> osg: 1
INFO       2021-08-13 15:26:00,197 -10s acquire_nodes  159 : chameleon --> osg: 1
INFO       2021-08-13 15:26:00,342 -10s acquire_nodes  159 : chameleon --> osg: 1
INFO       2021-08-13 15:26:00,606 -10s acquire_nodes  159 : chameleon --> osg: 1
INFO       2021-08-13 15:26:00,719 -10s acquire_nodes  130 : osg --> chameleon: 1
INFO       2021-08-13 15:26:00,799 -10s acquire_nodes  159 : chameleon --> osg: 1
INFO       2021-08-13 15:26:00,995 -10s acquire_nodes  159 : chameleon --> osg: 1
INFO       2021-08-13 15:26:01,443 -10s acquire_nodes  130 : osg --> chameleon: 1
INFO       2021-08-13 15:26:01,745 -10s acquire_nodes  130 : osg --> chameleon: 1
INFO       2021-08-13 15:26:02,013 -10s acquire_nodes  159 : chameleon --> osg: 1
INFO       2021-08-13 15:26:02,091 -10s acquire_nodes  130 : osg --> chameleon: 1
INFO       2021-08-13 15:26:02,252 -10s acquire_nodes  130 : osg --> chameleon: 1
INFO       2021-08-13 15:26:02,407 -10s acquire_nodes  130 : osg --> chameleon: 1
INFO       2021-08-13 15:26:02,473 -10s acquire_nodes  159 : chameleon --> osg: 1
INFO       2021-08-13 15:26:02,486 -10s acquire_nodes  159 : chameleon --> osg: 1
INFO       2021-08-13 15:26:02,497 -10s acquire_nodes  159 : chameleon --> osg: 1
INFO       2021-08-13 15:26:02,502 -10s acquire_nodes  159 : chameleon --> osg: 1
INFO       2021-08-13 15:26:02,509 -10s acquire_nodes  159 : chameleon --> osg: 1
INFO       2021-08-13 15:26:02,536 -10s acquire_nodes  159 : chameleon --> osg: 1
INFO       2021-08-13 15:26:02,735 -10s acquire_nodes  130 : osg --> chameleon: 1
