 * Serving Flask app 'resource_manager' (lazy loading)
 * Environment: production
   WARNING: This is a development server. Do not use it in a production deployment.
   Use a production WSGI server instead.
 * Debug mode: on
INFO       2021-08-13 15:10:40,597 -10s acquire_nodes  159 : chameleon --> osg: 1
INFO       2021-08-13 15:10:40,621 -10s acquire_nodes  159 : chameleon --> osg: 1
INFO       2021-08-13 15:10:40,623 -10s acquire_nodes  159 : chameleon --> osg: 1
INFO       2021-08-13 15:10:41,098 -10s acquire_nodes  159 : chameleon --> osg: 1
INFO       2021-08-13 15:10:41,105 -10s acquire_nodes  159 : chameleon --> osg: 1
INFO       2021-08-13 15:10:41,115 -10s acquire_nodes  159 : chameleon --> osg: 1
INFO       2021-08-13 15:10:41,118 -10s acquire_nodes  159 : chameleon --> osg: 1
INFO       2021-08-13 15:10:41,120 -10s acquire_nodes  159 : chameleon --> osg: 1
INFO       2021-08-13 15:10:41,121 -10s acquire_nodes  159 : chameleon --> osg: 1
INFO       2021-08-13 15:10:41,127 -10s acquire_nodes  159 : chameleon --> osg: 1
INFO       2021-08-13 15:10:41,131 -10s acquire_nodes  159 : chameleon --> osg: 1
INFO       2021-08-13 15:10:41,175 -10s acquire_nodes  159 : chameleon --> osg: 1
INFO       2021-08-13 15:10:41,264 -10s acquire_nodes  159 : chameleon --> osg: 1
INFO       2021-08-13 15:10:41,283 -10s acquire_nodes  159 : chameleon --> osg: 1
INFO       2021-08-13 15:10:41,325 -10s acquire_nodes  159 : chameleon --> osg: 1
INFO       2021-08-13 15:10:41,327 -10s acquire_nodes  159 : chameleon --> osg: 1
INFO       2021-08-13 15:10:41,341 -10s acquire_nodes  159 : chameleon --> osg: 1
INFO       2021-08-13 15:10:41,346 -10s acquire_nodes  159 : chameleon --> osg: 1
INFO       2021-08-13 15:10:41,370 -10s acquire_nodes  159 : chameleon --> osg: 1
INFO       2021-08-13 15:10:41,435 -10s acquire_nodes  159 : chameleon --> osg: 1
INFO       2021-08-13 15:10:41,455 -10s acquire_nodes  159 : chameleon --> osg: 1
INFO       2021-08-13 15:10:41,466 -10s acquire_nodes  159 : chameleon --> osg: 1
INFO       2021-08-13 15:10:41,496 -10s acquire_nodes  159 : chameleon --> osg: 1
INFO       2021-08-13 15:10:41,542 -10s acquire_nodes  159 : chameleon --> osg: 1
INFO       2021-08-13 15:10:41,551 -10s acquire_nodes  159 : chameleon --> osg: 1
INFO       2021-08-13 15:10:41,552 -10s acquire_nodes  159 : chameleon --> osg: 1
INFO       2021-08-13 15:10:41,553 -10s acquire_nodes  159 : chameleon --> osg: 1
INFO       2021-08-13 15:10:41,554 -10s acquire_nodes  159 : chameleon --> osg: 1
INFO       2021-08-13 15:10:41,557 -10s acquire_nodes  159 : chameleon --> osg: 1
INFO       2021-08-13 15:10:41,583 -10s acquire_nodes  159 : chameleon --> osg: 1
INFO       2021-08-13 15:10:41,600 -10s acquire_nodes  159 : chameleon --> osg: 1
INFO       2021-08-13 15:10:41,620 -10s acquire_nodes  159 : chameleon --> osg: 1
INFO       2021-08-13 15:10:41,626 -10s acquire_nodes  159 : chameleon --> osg: 1
INFO       2021-08-13 15:10:41,650 -10s acquire_nodes  159 : chameleon --> osg: 1
INFO       2021-08-13 15:10:42,078 -10s acquire_nodes  159 : chameleon --> osg: 1
INFO       2021-08-13 15:10:42,083 -10s acquire_nodes  159 : chameleon --> osg: 1
INFO       2021-08-13 15:10:42,084 -10s acquire_nodes  159 : chameleon --> osg: 1
INFO       2021-08-13 15:10:42,132 -10s acquire_nodes  159 : chameleon --> osg: 1
INFO       2021-08-13 15:10:42,173 -10s acquire_nodes  159 : chameleon --> osg: 1
INFO       2021-08-13 15:10:42,309 -10s acquire_nodes  159 : chameleon --> osg: 1
INFO       2021-08-13 15:10:42,326 -10s acquire_nodes  159 : chameleon --> osg: 1
INFO       2021-08-13 15:10:42,327 -10s acquire_nodes  159 : chameleon --> osg: 1
INFO       2021-08-13 15:10:42,327 -10s acquire_nodes  159 : chameleon --> osg: 1
INFO       2021-08-13 15:10:42,341 -10s acquire_nodes  159 : chameleon --> osg: 1
INFO       2021-08-13 15:10:42,350 -10s acquire_nodes  159 : chameleon --> osg: 1
INFO       2021-08-13 15:10:42,378 -10s acquire_nodes  159 : chameleon --> osg: 1
INFO       2021-08-13 15:10:42,479 -10s acquire_nodes  159 : chameleon --> osg: 1
INFO       2021-08-13 15:10:42,509 -10s acquire_nodes  159 : chameleon --> osg: 1
INFO       2021-08-13 15:10:42,511 -10s acquire_nodes  159 : chameleon --> osg: 1
INFO       2021-08-13 15:10:42,515 -10s acquire_nodes  159 : chameleon --> osg: 1
INFO       2021-08-13 15:10:42,518 -10s acquire_nodes  159 : chameleon --> osg: 1
INFO       2021-08-13 15:10:42,527 -10s acquire_nodes  159 : chameleon --> osg: 1
INFO       2021-08-13 15:10:42,559 -10s acquire_nodes  159 : chameleon --> osg: 1
INFO       2021-08-13 15:10:42,620 -10s acquire_nodes  159 : chameleon --> osg: 1
INFO       2021-08-13 15:10:42,622 -10s acquire_nodes  159 : chameleon --> osg: 1
INFO       2021-08-13 15:10:42,627 -10s acquire_nodes  159 : chameleon --> osg: 1
INFO       2021-08-13 15:10:42,630 -10s acquire_nodes  159 : chameleon --> osg: 1
INFO       2021-08-13 15:10:42,631 -10s acquire_nodes  159 : chameleon --> osg: 1
INFO       2021-08-13 15:10:42,919 -10s acquire_nodes  159 : chameleon --> osg: 1
INFO       2021-08-13 15:10:42,929 -10s acquire_nodes  159 : chameleon --> osg: 1
INFO       2021-08-13 15:10:43,073 -10s acquire_nodes  159 : chameleon --> osg: 1
INFO       2021-08-13 15:10:43,078 -10s acquire_nodes  159 : chameleon --> osg: 1
INFO       2021-08-13 15:10:43,114 -10s acquire_nodes  159 : chameleon --> osg: 1
INFO       2021-08-13 15:10:43,378 -10s acquire_nodes  159 : chameleon --> osg: 1
INFO       2021-08-13 15:10:43,505 -10s acquire_nodes  159 : chameleon --> osg: 1
INFO       2021-08-13 15:10:43,696 -10s acquire_nodes  159 : chameleon --> osg: 1
INFO       2021-08-13 15:10:43,719 -10s acquire_nodes  159 : chameleon --> osg: 1
INFO       2021-08-13 15:10:43,722 -10s acquire_nodes  159 : chameleon --> osg: 1
INFO       2021-08-13 15:10:43,733 -10s acquire_nodes  159 : chameleon --> osg: 1
INFO       2021-08-13 15:10:43,735 -10s acquire_nodes  159 : chameleon --> osg: 1
INFO       2021-08-13 15:10:43,941 -10s acquire_nodes  159 : chameleon --> osg: 1
INFO       2021-08-13 15:10:44,047 -10s acquire_nodes  159 : chameleon --> osg: 1
INFO       2021-08-13 15:10:44,242 -10s acquire_nodes  159 : chameleon --> osg: 1
INFO       2021-08-13 15:10:44,399 -10s acquire_nodes  159 : chameleon --> osg: 1
INFO       2021-08-13 15:10:44,410 -10s acquire_nodes  159 : chameleon --> osg: 1
INFO       2021-08-13 15:10:44,416 -10s acquire_nodes  159 : chameleon --> osg: 1
INFO       2021-08-13 15:10:44,452 -10s acquire_nodes  159 : chameleon --> osg: 1
INFO       2021-08-13 15:10:44,453 -10s acquire_nodes  159 : chameleon --> osg: 1
INFO       2021-08-13 15:10:44,465 -10s acquire_nodes  159 : chameleon --> osg: 1
INFO       2021-08-13 15:10:44,491 -10s acquire_nodes  159 : chameleon --> osg: 1
INFO       2021-08-13 15:10:44,936 -10s acquire_nodes  159 : chameleon --> osg: 1
INFO       2021-08-13 15:10:44,945 -10s acquire_nodes  159 : chameleon --> osg: 1
INFO       2021-08-13 15:10:45,105 -10s acquire_nodes  159 : chameleon --> osg: 1
INFO       2021-08-13 15:10:45,107 -10s acquire_nodes  159 : chameleon --> osg: 1
INFO       2021-08-13 15:10:45,146 -10s acquire_nodes  159 : chameleon --> osg: 1
INFO       2021-08-13 15:10:45,158 -10s acquire_nodes  159 : chameleon --> osg: 1
INFO       2021-08-13 15:10:45,207 -10s acquire_nodes  159 : chameleon --> osg: 1
